#
# A fatal error has been detected by the Java Runtime Environment:
#
#  Internal Error (jvmciRuntime.cpp:1609), pid=42160, tid=39080
#  fatal error: Fatal exception in JVMCI: Exception during JVMCI compiler initialization
#
# JRE version: OpenJDK Runtime Environment GraalVM CE 22.3.3 (17.0.8+7) (build 17.0.8+7-jvmci-22.3-b22)
# Java VM: OpenJDK 64-Bit Server VM GraalVM CE 22.3.3 (17.0.8+7-jvmci-22.3-b22, mixed mode, sharing, tiered, jvmci, jvmci compiler, compressed oops, compressed class ptrs, g1 gc, windows-amd64)
# No core dump will be written. Minidumps are not enabled by default on client versions of Windows
#
# If you would like to submit a bug report, please visit:
#   https://github.com/oracle/graal/issues
#

---------------  S U M M A R Y ------------

Command Line: -XX:ThreadPriorityPolicy=1 -XX:+UnlockExperimentalVMOptions -XX:+EnableJVMCIProduct -XX:JVMCIThreadsPerNativeLibraryRuntime=1 -XX:-UnlockExperimentalVMOptions --add-opens=java.base/java.util=ALL-UNNAMED --add-opens=java.base/java.lang=ALL-UNNAMED --add-opens=java.base/java.lang.invoke=ALL-UNNAMED --add-opens=java.prefs/java.util.prefs=ALL-UNNAMED --add-opens=java.base/java.nio.charset=ALL-UNNAMED --add-opens=java.base/java.net=ALL-UNNAMED --add-opens=java.base/java.util.concurrent.atomic=ALL-UNNAMED -XX:MaxMetaspaceSize=384m -XX:+HeapDumpOnOutOfMemoryError -Xms256m -Xmx512m -Dfile.encoding=windows-1252 -Duser.country=US -Duser.language=en -Duser.variant -javaagent:C:\Users\Hazem.Ewidat\.gradle\wrapper\dists\gradle-8.2-bin\bbg7u40eoinfdyxsxr3z4i7ta\gradle-8.2\lib\agents\gradle-instrumentation-agent-8.2.jar org.gradle.launcher.daemon.bootstrap.GradleDaemon 8.2

Host: Intel(R) Core(TM) i7-8650U CPU @ 1.90GHz, 8 cores, 15G,  Windows 10 , 64 bit Build 19041 (10.0.19041.3155)
Time: Thu Sep 14 10:34:28 2023 West Bank Gaza Daylight Time elapsed time: 3.910765 seconds (0d 0h 0m 3s)

---------------  T H R E A D  ---------------

Current thread (0x00000160571c8d70):  JavaThread "JVMCI-native CompilerThread0" daemon [_thread_in_vm, id=39080, stack(0x0000005f1c400000,0x0000005f1c500000)]


Current CompileTask:
JVMCI-native:   3910 2527   !   4       java.lang.ClassLoader::loadClass (121 bytes)

Stack: [0x0000005f1c400000,0x0000005f1c500000]
Native frames: (J=compiled Java code, j=interpreted, Vv=VM code, C=native code)
V  [jvm.dll+0x66907a]
V  [jvm.dll+0x7c9e7e]
V  [jvm.dll+0x7cb7ce]
V  [jvm.dll+0x2454fb]
V  [jvm.dll+0x4aff24]
V  [jvm.dll+0x226cab]
V  [jvm.dll+0x2251ae]
V  [jvm.dll+0x77feac]
V  [jvm.dll+0x77a2aa]
V  [jvm.dll+0x667ec5]
C  [ucrtbase.dll+0x21bb2]
C  [KERNEL32.DLL+0x17614]
C  [ntdll.dll+0x526b1]


---------------  P R O C E S S  ---------------

Threads class SMR info:
_java_thread_list=0x00000160749675c0, length=27, elements={
0x000001603a678560, 0x00000160571a9050, 0x00000160571aab30, 0x00000160571bee60,
0x00000160571bf930, 0x00000160571c2210, 0x00000160571c4af0, 0x00000160571c8d70,
0x00000160571d1b40, 0x00000160571d2450, 0x00000160573c1750, 0x00000160571907e0,
0x00000160574bdfc0, 0x0000016073878bf0, 0x000001607458f330, 0x0000016074601020,
0x0000016074663fa0, 0x00000160746f5aa0, 0x00000160746f6ec0, 0x0000016074766ef0,
0x0000016074764670, 0x0000016074765ab0, 0x00000160747669e0, 0x0000016074764b80,
0x00000160747664d0, 0x0000016074765090, 0x00000160747655a0
}

Java Threads: ( => current thread )
  0x000001603a678560 JavaThread "main" [_thread_blocked, id=37180, stack(0x0000005f1b700000,0x0000005f1b800000)]
  0x00000160571a9050 JavaThread "Reference Handler" daemon [_thread_blocked, id=3876, stack(0x0000005f1be00000,0x0000005f1bf00000)]
  0x00000160571aab30 JavaThread "Finalizer" daemon [_thread_blocked, id=41552, stack(0x0000005f1bf00000,0x0000005f1c000000)]
  0x00000160571bee60 JavaThread "Signal Dispatcher" daemon [_thread_blocked, id=40696, stack(0x0000005f1c000000,0x0000005f1c100000)]
  0x00000160571bf930 JavaThread "Attach Listener" daemon [_thread_blocked, id=40092, stack(0x0000005f1c100000,0x0000005f1c200000)]
  0x00000160571c2210 JavaThread "Service Thread" daemon [_thread_blocked, id=40420, stack(0x0000005f1c200000,0x0000005f1c300000)]
  0x00000160571c4af0 JavaThread "Monitor Deflation Thread" daemon [_thread_blocked, id=9472, stack(0x0000005f1c300000,0x0000005f1c400000)]
=>0x00000160571c8d70 JavaThread "JVMCI-native CompilerThread0" daemon [_thread_in_vm, id=39080, stack(0x0000005f1c400000,0x0000005f1c500000)]
  0x00000160571d1b40 JavaThread "C1 CompilerThread0" daemon [_thread_blocked, id=42592, stack(0x0000005f1c500000,0x0000005f1c600000)]
  0x00000160571d2450 JavaThread "Sweeper thread" daemon [_thread_blocked, id=7316, stack(0x0000005f1c600000,0x0000005f1c700000)]
  0x00000160573c1750 JavaThread "Common-Cleaner" daemon [_thread_blocked, id=9888, stack(0x0000005f1c700000,0x0000005f1c800000)]
  0x00000160571907e0 JavaThread "C1 CompilerThread1" daemon [_thread_blocked, id=8432, stack(0x0000005f1c800000,0x0000005f1c900000)]
  0x00000160574bdfc0 JavaThread "Notification Thread" daemon [_thread_blocked, id=6616, stack(0x0000005f1c900000,0x0000005f1ca00000)]
  0x0000016073878bf0 JavaThread "C1 CompilerThread2" daemon [_thread_blocked, id=31820, stack(0x0000005f1cb00000,0x0000005f1cc00000)]
  0x000001607458f330 JavaThread "Daemon health stats" [_thread_blocked, id=30516, stack(0x0000005f1d100000,0x0000005f1d200000)]
  0x0000016074601020 JavaThread "Incoming local TCP Connector on port 59676" [_thread_in_native, id=36220, stack(0x0000005f1d200000,0x0000005f1d300000)]
  0x0000016074663fa0 JavaThread "Daemon periodic checks" [_thread_blocked, id=17244, stack(0x0000005f1d300000,0x0000005f1d400000)]
  0x00000160746f5aa0 JavaThread "Daemon" [_thread_blocked, id=17172, stack(0x0000005f1d400000,0x0000005f1d500000)]
  0x00000160746f6ec0 JavaThread "Handler for socket connection from /127.0.0.1:59676 to /127.0.0.1:59677" [_thread_in_native, id=40836, stack(0x0000005f1d500000,0x0000005f1d600000)]
  0x0000016074766ef0 JavaThread "Cancel handler" [_thread_blocked, id=41472, stack(0x0000005f1d600000,0x0000005f1d700000)]
  0x0000016074764670 JavaThread "Daemon worker" [_thread_in_Java, id=41300, stack(0x0000005f1d700000,0x0000005f1d800000)]
  0x0000016074765ab0 JavaThread "Asynchronous log dispatcher for DefaultDaemonConnection: socket connection from /127.0.0.1:59676 to /127.0.0.1:59677" [_thread_blocked, id=41060, stack(0x0000005f1d800000,0x0000005f1d900000)]
  0x00000160747669e0 JavaThread "Stdin handler" [_thread_blocked, id=25920, stack(0x0000005f1d900000,0x0000005f1da00000)]
  0x0000016074764b80 JavaThread "Daemon client event forwarder" [_thread_blocked, id=38840, stack(0x0000005f1da00000,0x0000005f1db00000)]
  0x00000160747664d0 JavaThread "Cache worker for journal cache (C:\Users\Hazem.Ewidat\.gradle\caches\journal-1)" [_thread_blocked, id=41756, stack(0x0000005f1db00000,0x0000005f1dc00000)]
  0x0000016074765090 JavaThread "File lock request listener" [_thread_in_native, id=20132, stack(0x0000005f1dc00000,0x0000005f1dd00000)]
  0x00000160747655a0 JavaThread "Cache worker for file hash cache (C:\Users\Hazem.Ewidat\.gradle\caches\8.2\fileHashes)" [_thread_blocked, id=20868, stack(0x0000005f1dd00000,0x0000005f1de00000)]

Other Threads:
  0x00000160571a66a0 VMThread "VM Thread" [stack: 0x0000005f1bd00000,0x0000005f1be00000] [id=43004]
  0x000001603a679430 WatcherThread [stack: 0x0000005f1ca00000,0x0000005f1cb00000] [id=39880]
  0x000001603a6a5cb0 GCTaskThread "GC Thread#0" [stack: 0x0000005f1b800000,0x0000005f1b900000] [id=43768]
  0x00000160738970e0 GCTaskThread "GC Thread#1" [stack: 0x0000005f1cc00000,0x0000005f1cd00000] [id=15840]
  0x0000016073896120 GCTaskThread "GC Thread#2" [stack: 0x0000005f1cd00000,0x0000005f1ce00000] [id=36944]
  0x00000160738d7680 GCTaskThread "GC Thread#3" [stack: 0x0000005f1ce00000,0x0000005f1cf00000] [id=43548]
  0x00000160738d84f0 GCTaskThread "GC Thread#4" [stack: 0x0000005f1cf00000,0x0000005f1d000000] [id=42724]
  0x00000160738d8bc0 GCTaskThread "GC Thread#5" [stack: 0x0000005f1d000000,0x0000005f1d100000] [id=42212]
  0x000001603a6ac330 ConcurrentGCThread "G1 Main Marker" [stack: 0x0000005f1b900000,0x0000005f1ba00000] [id=43772]
  0x000001603a6acc50 ConcurrentGCThread "G1 Conc#0" [stack: 0x0000005f1ba00000,0x0000005f1bb00000] [id=43776]
  0x000001603a73e1b0 ConcurrentGCThread "G1 Refine#0" [stack: 0x0000005f1bb00000,0x0000005f1bc00000] [id=41636]
  0x000001603a73e990 ConcurrentGCThread "G1 Service" [stack: 0x0000005f1bc00000,0x0000005f1bd00000] [id=30092]

Threads with active compile tasks:
JVMCI-native CompilerThread0     3944 2527   !   4       java.lang.ClassLoader::loadClass (121 bytes)

VM state: not at safepoint (normal execution)

VM Mutex/Monitor currently owned by a thread: None

Heap address: 0x00000000e0000000, size: 512 MB, Compressed Oops mode: 32-bit

CDS archive(s) mapped at: [0x0000016058000000-0x0000016058bd0000-0x0000016058bd0000), size 12386304, SharedBaseAddress: 0x0000016058000000, ArchiveRelocationMode: 1.
Compressed class space mapped at: 0x0000016059000000-0x000001606d000000, reserved size: 335544320
Narrow klass base: 0x0000016058000000, Narrow klass shift: 0, Narrow klass range: 0x100000000

GC Precious Log:
 CPUs: 8 total, 8 available
 Memory: 16212M
 Large Page Support: Disabled
 NUMA Support: Disabled
 Compressed Oops: Enabled (32-bit)
 Heap Region Size: 1M
 Heap Min Capacity: 256M
 Heap Initial Capacity: 256M
 Heap Max Capacity: 512M
 Pre-touch: Disabled
 Parallel Workers: 8
 Concurrent Workers: 2
 Concurrent Refinement Workers: 8
 Periodic GC: Disabled

Heap:
 garbage-first heap   total 262144K, used 91177K [0x00000000e0000000, 0x0000000100000000)
  region size 1024K, 79 young (80896K), 1 survivors (1024K)
 Metaspace       used 17173K, committed 17472K, reserved 393216K
  class space    used 2361K, committed 2496K, reserved 327680K

Heap Regions: E=young(eden), S=young(survivor), O=old, HS=humongous(starts), HC=humongous(continues), CS=collection set, F=free, OA=open archive, CA=closed archive, TAMS=top-at-mark-start (previous, next)
|   0|0x00000000e0000000, 0x00000000e0100000, 0x00000000e0100000|100%|HS|  |TAMS 0x00000000e0000000, 0x00000000e0000000| Complete 
|   1|0x00000000e0100000, 0x00000000e0200000, 0x00000000e0200000|100%|HC|  |TAMS 0x00000000e0100000, 0x00000000e0100000| Complete 
|   2|0x00000000e0200000, 0x00000000e0300000, 0x00000000e0300000|100%|HC|  |TAMS 0x00000000e0200000, 0x00000000e0200000| Complete 
|   3|0x00000000e0300000, 0x00000000e0400000, 0x00000000e0400000|100%|HC|  |TAMS 0x00000000e0300000, 0x00000000e0300000| Complete 
|   4|0x00000000e0400000, 0x00000000e0500000, 0x00000000e0500000|100%| O|  |TAMS 0x00000000e0400000, 0x00000000e0400000| Untracked 
|   5|0x00000000e0500000, 0x00000000e0600000, 0x00000000e0600000|100%| O|  |TAMS 0x00000000e0500000, 0x00000000e0500000| Untracked 
|   6|0x00000000e0600000, 0x00000000e0700000, 0x00000000e0700000|100%| O|  |TAMS 0x00000000e0600000, 0x00000000e0600000| Untracked 
|   7|0x00000000e0700000, 0x00000000e0800000, 0x00000000e0800000|100%| O|  |TAMS 0x00000000e0700000, 0x00000000e0700000| Untracked 
|   8|0x00000000e0800000, 0x00000000e0900000, 0x00000000e0900000|100%| O|  |TAMS 0x00000000e0800000, 0x00000000e0800000| Untracked 
|   9|0x00000000e0900000, 0x00000000e0a00000, 0x00000000e0a00000|100%| O|  |TAMS 0x00000000e0900000, 0x00000000e0900000| Untracked 
|  10|0x00000000e0a00000, 0x00000000e0a46e00, 0x00000000e0b00000| 27%| O|  |TAMS 0x00000000e0a00000, 0x00000000e0a00000| Untracked 
|  11|0x00000000e0b00000, 0x00000000e0c00000, 0x00000000e0c00000|100%|HS|  |TAMS 0x00000000e0b00000, 0x00000000e0b00000| Complete 
|  12|0x00000000e0c00000, 0x00000000e0c00000, 0x00000000e0d00000|  0%| F|  |TAMS 0x00000000e0c00000, 0x00000000e0c00000| Untracked 
|  13|0x00000000e0d00000, 0x00000000e0d00000, 0x00000000e0e00000|  0%| F|  |TAMS 0x00000000e0d00000, 0x00000000e0d00000| Untracked 
|  14|0x00000000e0e00000, 0x00000000e0e00000, 0x00000000e0f00000|  0%| F|  |TAMS 0x00000000e0e00000, 0x00000000e0e00000| Untracked 
|  15|0x00000000e0f00000, 0x00000000e0f00000, 0x00000000e1000000|  0%| F|  |TAMS 0x00000000e0f00000, 0x00000000e0f00000| Untracked 
|  16|0x00000000e1000000, 0x00000000e1000000, 0x00000000e1100000|  0%| F|  |TAMS 0x00000000e1000000, 0x00000000e1000000| Untracked 
|  17|0x00000000e1100000, 0x00000000e1100000, 0x00000000e1200000|  0%| F|  |TAMS 0x00000000e1100000, 0x00000000e1100000| Untracked 
|  18|0x00000000e1200000, 0x00000000e1200000, 0x00000000e1300000|  0%| F|  |TAMS 0x00000000e1200000, 0x00000000e1200000| Untracked 
|  19|0x00000000e1300000, 0x00000000e1300000, 0x00000000e1400000|  0%| F|  |TAMS 0x00000000e1300000, 0x00000000e1300000| Untracked 
|  20|0x00000000e1400000, 0x00000000e1400000, 0x00000000e1500000|  0%| F|  |TAMS 0x00000000e1400000, 0x00000000e1400000| Untracked 
|  21|0x00000000e1500000, 0x00000000e1500000, 0x00000000e1600000|  0%| F|  |TAMS 0x00000000e1500000, 0x00000000e1500000| Untracked 
|  22|0x00000000e1600000, 0x00000000e1600000, 0x00000000e1700000|  0%| F|  |TAMS 0x00000000e1600000, 0x00000000e1600000| Untracked 
|  23|0x00000000e1700000, 0x00000000e1700000, 0x00000000e1800000|  0%| F|  |TAMS 0x00000000e1700000, 0x00000000e1700000| Untracked 
|  24|0x00000000e1800000, 0x00000000e1800000, 0x00000000e1900000|  0%| F|  |TAMS 0x00000000e1800000, 0x00000000e1800000| Untracked 
|  25|0x00000000e1900000, 0x00000000e1900000, 0x00000000e1a00000|  0%| F|  |TAMS 0x00000000e1900000, 0x00000000e1900000| Untracked 
|  26|0x00000000e1a00000, 0x00000000e1a00000, 0x00000000e1b00000|  0%| F|  |TAMS 0x00000000e1a00000, 0x00000000e1a00000| Untracked 
|  27|0x00000000e1b00000, 0x00000000e1b00000, 0x00000000e1c00000|  0%| F|  |TAMS 0x00000000e1b00000, 0x00000000e1b00000| Untracked 
|  28|0x00000000e1c00000, 0x00000000e1c00000, 0x00000000e1d00000|  0%| F|  |TAMS 0x00000000e1c00000, 0x00000000e1c00000| Untracked 
|  29|0x00000000e1d00000, 0x00000000e1d00000, 0x00000000e1e00000|  0%| F|  |TAMS 0x00000000e1d00000, 0x00000000e1d00000| Untracked 
|  30|0x00000000e1e00000, 0x00000000e1e00000, 0x00000000e1f00000|  0%| F|  |TAMS 0x00000000e1e00000, 0x00000000e1e00000| Untracked 
|  31|0x00000000e1f00000, 0x00000000e1f00000, 0x00000000e2000000|  0%| F|  |TAMS 0x00000000e1f00000, 0x00000000e1f00000| Untracked 
|  32|0x00000000e2000000, 0x00000000e2000000, 0x00000000e2100000|  0%| F|  |TAMS 0x00000000e2000000, 0x00000000e2000000| Untracked 
|  33|0x00000000e2100000, 0x00000000e2100000, 0x00000000e2200000|  0%| F|  |TAMS 0x00000000e2100000, 0x00000000e2100000| Untracked 
|  34|0x00000000e2200000, 0x00000000e2200000, 0x00000000e2300000|  0%| F|  |TAMS 0x00000000e2200000, 0x00000000e2200000| Untracked 
|  35|0x00000000e2300000, 0x00000000e2300000, 0x00000000e2400000|  0%| F|  |TAMS 0x00000000e2300000, 0x00000000e2300000| Untracked 
|  36|0x00000000e2400000, 0x00000000e2400000, 0x00000000e2500000|  0%| F|  |TAMS 0x00000000e2400000, 0x00000000e2400000| Untracked 
|  37|0x00000000e2500000, 0x00000000e2500000, 0x00000000e2600000|  0%| F|  |TAMS 0x00000000e2500000, 0x00000000e2500000| Untracked 
|  38|0x00000000e2600000, 0x00000000e2600000, 0x00000000e2700000|  0%| F|  |TAMS 0x00000000e2600000, 0x00000000e2600000| Untracked 
|  39|0x00000000e2700000, 0x00000000e2700000, 0x00000000e2800000|  0%| F|  |TAMS 0x00000000e2700000, 0x00000000e2700000| Untracked 
|  40|0x00000000e2800000, 0x00000000e2800000, 0x00000000e2900000|  0%| F|  |TAMS 0x00000000e2800000, 0x00000000e2800000| Untracked 
|  41|0x00000000e2900000, 0x00000000e2900000, 0x00000000e2a00000|  0%| F|  |TAMS 0x00000000e2900000, 0x00000000e2900000| Untracked 
|  42|0x00000000e2a00000, 0x00000000e2a00000, 0x00000000e2b00000|  0%| F|  |TAMS 0x00000000e2a00000, 0x00000000e2a00000| Untracked 
|  43|0x00000000e2b00000, 0x00000000e2b00000, 0x00000000e2c00000|  0%| F|  |TAMS 0x00000000e2b00000, 0x00000000e2b00000| Untracked 
|  44|0x00000000e2c00000, 0x00000000e2c00000, 0x00000000e2d00000|  0%| F|  |TAMS 0x00000000e2c00000, 0x00000000e2c00000| Untracked 
|  45|0x00000000e2d00000, 0x00000000e2d00000, 0x00000000e2e00000|  0%| F|  |TAMS 0x00000000e2d00000, 0x00000000e2d00000| Untracked 
|  46|0x00000000e2e00000, 0x00000000e2e00000, 0x00000000e2f00000|  0%| F|  |TAMS 0x00000000e2e00000, 0x00000000e2e00000| Untracked 
|  47|0x00000000e2f00000, 0x00000000e2f00000, 0x00000000e3000000|  0%| F|  |TAMS 0x00000000e2f00000, 0x00000000e2f00000| Untracked 
|  48|0x00000000e3000000, 0x00000000e3000000, 0x00000000e3100000|  0%| F|  |TAMS 0x00000000e3000000, 0x00000000e3000000| Untracked 
|  49|0x00000000e3100000, 0x00000000e3100000, 0x00000000e3200000|  0%| F|  |TAMS 0x00000000e3100000, 0x00000000e3100000| Untracked 
|  50|0x00000000e3200000, 0x00000000e3200000, 0x00000000e3300000|  0%| F|  |TAMS 0x00000000e3200000, 0x00000000e3200000| Untracked 
|  51|0x00000000e3300000, 0x00000000e3300000, 0x00000000e3400000|  0%| F|  |TAMS 0x00000000e3300000, 0x00000000e3300000| Untracked 
|  52|0x00000000e3400000, 0x00000000e3400000, 0x00000000e3500000|  0%| F|  |TAMS 0x00000000e3400000, 0x00000000e3400000| Untracked 
|  53|0x00000000e3500000, 0x00000000e3500000, 0x00000000e3600000|  0%| F|  |TAMS 0x00000000e3500000, 0x00000000e3500000| Untracked 
|  54|0x00000000e3600000, 0x00000000e3600000, 0x00000000e3700000|  0%| F|  |TAMS 0x00000000e3600000, 0x00000000e3600000| Untracked 
|  55|0x00000000e3700000, 0x00000000e3700000, 0x00000000e3800000|  0%| F|  |TAMS 0x00000000e3700000, 0x00000000e3700000| Untracked 
|  56|0x00000000e3800000, 0x00000000e3800000, 0x00000000e3900000|  0%| F|  |TAMS 0x00000000e3800000, 0x00000000e3800000| Untracked 
|  57|0x00000000e3900000, 0x00000000e3900000, 0x00000000e3a00000|  0%| F|  |TAMS 0x00000000e3900000, 0x00000000e3900000| Untracked 
|  58|0x00000000e3a00000, 0x00000000e3a00000, 0x00000000e3b00000|  0%| F|  |TAMS 0x00000000e3a00000, 0x00000000e3a00000| Untracked 
|  59|0x00000000e3b00000, 0x00000000e3b00000, 0x00000000e3c00000|  0%| F|  |TAMS 0x00000000e3b00000, 0x00000000e3b00000| Untracked 
|  60|0x00000000e3c00000, 0x00000000e3c00000, 0x00000000e3d00000|  0%| F|  |TAMS 0x00000000e3c00000, 0x00000000e3c00000| Untracked 
|  61|0x00000000e3d00000, 0x00000000e3d00000, 0x00000000e3e00000|  0%| F|  |TAMS 0x00000000e3d00000, 0x00000000e3d00000| Untracked 
|  62|0x00000000e3e00000, 0x00000000e3e00000, 0x00000000e3f00000|  0%| F|  |TAMS 0x00000000e3e00000, 0x00000000e3e00000| Untracked 
|  63|0x00000000e3f00000, 0x00000000e3f00000, 0x00000000e4000000|  0%| F|  |TAMS 0x00000000e3f00000, 0x00000000e3f00000| Untracked 
|  64|0x00000000e4000000, 0x00000000e4000000, 0x00000000e4100000|  0%| F|  |TAMS 0x00000000e4000000, 0x00000000e4000000| Untracked 
|  65|0x00000000e4100000, 0x00000000e4100000, 0x00000000e4200000|  0%| F|  |TAMS 0x00000000e4100000, 0x00000000e4100000| Untracked 
|  66|0x00000000e4200000, 0x00000000e4200000, 0x00000000e4300000|  0%| F|  |TAMS 0x00000000e4200000, 0x00000000e4200000| Untracked 
|  67|0x00000000e4300000, 0x00000000e4300000, 0x00000000e4400000|  0%| F|  |TAMS 0x00000000e4300000, 0x00000000e4300000| Untracked 
|  68|0x00000000e4400000, 0x00000000e4400000, 0x00000000e4500000|  0%| F|  |TAMS 0x00000000e4400000, 0x00000000e4400000| Untracked 
|  69|0x00000000e4500000, 0x00000000e4500000, 0x00000000e4600000|  0%| F|  |TAMS 0x00000000e4500000, 0x00000000e4500000| Untracked 
|  70|0x00000000e4600000, 0x00000000e4600000, 0x00000000e4700000|  0%| F|  |TAMS 0x00000000e4600000, 0x00000000e4600000| Untracked 
|  71|0x00000000e4700000, 0x00000000e4700000, 0x00000000e4800000|  0%| F|  |TAMS 0x00000000e4700000, 0x00000000e4700000| Untracked 
|  72|0x00000000e4800000, 0x00000000e4800000, 0x00000000e4900000|  0%| F|  |TAMS 0x00000000e4800000, 0x00000000e4800000| Untracked 
|  73|0x00000000e4900000, 0x00000000e4900000, 0x00000000e4a00000|  0%| F|  |TAMS 0x00000000e4900000, 0x00000000e4900000| Untracked 
|  74|0x00000000e4a00000, 0x00000000e4a00000, 0x00000000e4b00000|  0%| F|  |TAMS 0x00000000e4a00000, 0x00000000e4a00000| Untracked 
|  75|0x00000000e4b00000, 0x00000000e4b00000, 0x00000000e4c00000|  0%| F|  |TAMS 0x00000000e4b00000, 0x00000000e4b00000| Untracked 
|  76|0x00000000e4c00000, 0x00000000e4c00000, 0x00000000e4d00000|  0%| F|  |TAMS 0x00000000e4c00000, 0x00000000e4c00000| Untracked 
|  77|0x00000000e4d00000, 0x00000000e4d00000, 0x00000000e4e00000|  0%| F|  |TAMS 0x00000000e4d00000, 0x00000000e4d00000| Untracked 
|  78|0x00000000e4e00000, 0x00000000e4e00000, 0x00000000e4f00000|  0%| F|  |TAMS 0x00000000e4e00000, 0x00000000e4e00000| Untracked 
|  79|0x00000000e4f00000, 0x00000000e4f00000, 0x00000000e5000000|  0%| F|  |TAMS 0x00000000e4f00000, 0x00000000e4f00000| Untracked 
|  80|0x00000000e5000000, 0x00000000e5000000, 0x00000000e5100000|  0%| F|  |TAMS 0x00000000e5000000, 0x00000000e5000000| Untracked 
|  81|0x00000000e5100000, 0x00000000e5100000, 0x00000000e5200000|  0%| F|  |TAMS 0x00000000e5100000, 0x00000000e5100000| Untracked 
|  82|0x00000000e5200000, 0x00000000e5200000, 0x00000000e5300000|  0%| F|  |TAMS 0x00000000e5200000, 0x00000000e5200000| Untracked 
|  83|0x00000000e5300000, 0x00000000e5300000, 0x00000000e5400000|  0%| F|  |TAMS 0x00000000e5300000, 0x00000000e5300000| Untracked 
|  84|0x00000000e5400000, 0x00000000e5400000, 0x00000000e5500000|  0%| F|  |TAMS 0x00000000e5400000, 0x00000000e5400000| Untracked 
|  85|0x00000000e5500000, 0x00000000e5500000, 0x00000000e5600000|  0%| F|  |TAMS 0x00000000e5500000, 0x00000000e5500000| Untracked 
|  86|0x00000000e5600000, 0x00000000e5600000, 0x00000000e5700000|  0%| F|  |TAMS 0x00000000e5600000, 0x00000000e5600000| Untracked 
|  87|0x00000000e5700000, 0x00000000e5700000, 0x00000000e5800000|  0%| F|  |TAMS 0x00000000e5700000, 0x00000000e5700000| Untracked 
|  88|0x00000000e5800000, 0x00000000e5800000, 0x00000000e5900000|  0%| F|  |TAMS 0x00000000e5800000, 0x00000000e5800000| Untracked 
|  89|0x00000000e5900000, 0x00000000e5900000, 0x00000000e5a00000|  0%| F|  |TAMS 0x00000000e5900000, 0x00000000e5900000| Untracked 
|  90|0x00000000e5a00000, 0x00000000e5a00000, 0x00000000e5b00000|  0%| F|  |TAMS 0x00000000e5a00000, 0x00000000e5a00000| Untracked 
|  91|0x00000000e5b00000, 0x00000000e5b00000, 0x00000000e5c00000|  0%| F|  |TAMS 0x00000000e5b00000, 0x00000000e5b00000| Untracked 
|  92|0x00000000e5c00000, 0x00000000e5c00000, 0x00000000e5d00000|  0%| F|  |TAMS 0x00000000e5c00000, 0x00000000e5c00000| Untracked 
|  93|0x00000000e5d00000, 0x00000000e5d00000, 0x00000000e5e00000|  0%| F|  |TAMS 0x00000000e5d00000, 0x00000000e5d00000| Untracked 
|  94|0x00000000e5e00000, 0x00000000e5e00000, 0x00000000e5f00000|  0%| F|  |TAMS 0x00000000e5e00000, 0x00000000e5e00000| Untracked 
|  95|0x00000000e5f00000, 0x00000000e5f00000, 0x00000000e6000000|  0%| F|  |TAMS 0x00000000e5f00000, 0x00000000e5f00000| Untracked 
|  96|0x00000000e6000000, 0x00000000e6000000, 0x00000000e6100000|  0%| F|  |TAMS 0x00000000e6000000, 0x00000000e6000000| Untracked 
|  97|0x00000000e6100000, 0x00000000e6100000, 0x00000000e6200000|  0%| F|  |TAMS 0x00000000e6100000, 0x00000000e6100000| Untracked 
|  98|0x00000000e6200000, 0x00000000e6200000, 0x00000000e6300000|  0%| F|  |TAMS 0x00000000e6200000, 0x00000000e6200000| Untracked 
|  99|0x00000000e6300000, 0x00000000e6300000, 0x00000000e6400000|  0%| F|  |TAMS 0x00000000e6300000, 0x00000000e6300000| Untracked 
| 100|0x00000000e6400000, 0x00000000e6400000, 0x00000000e6500000|  0%| F|  |TAMS 0x00000000e6400000, 0x00000000e6400000| Untracked 
| 101|0x00000000e6500000, 0x00000000e6500000, 0x00000000e6600000|  0%| F|  |TAMS 0x00000000e6500000, 0x00000000e6500000| Untracked 
| 102|0x00000000e6600000, 0x00000000e6600000, 0x00000000e6700000|  0%| F|  |TAMS 0x00000000e6600000, 0x00000000e6600000| Untracked 
| 103|0x00000000e6700000, 0x00000000e6700000, 0x00000000e6800000|  0%| F|  |TAMS 0x00000000e6700000, 0x00000000e6700000| Untracked 
| 104|0x00000000e6800000, 0x00000000e6800000, 0x00000000e6900000|  0%| F|  |TAMS 0x00000000e6800000, 0x00000000e6800000| Untracked 
| 105|0x00000000e6900000, 0x00000000e6900000, 0x00000000e6a00000|  0%| F|  |TAMS 0x00000000e6900000, 0x00000000e6900000| Untracked 
| 106|0x00000000e6a00000, 0x00000000e6a00000, 0x00000000e6b00000|  0%| F|  |TAMS 0x00000000e6a00000, 0x00000000e6a00000| Untracked 
| 107|0x00000000e6b00000, 0x00000000e6b00000, 0x00000000e6c00000|  0%| F|  |TAMS 0x00000000e6b00000, 0x00000000e6b00000| Untracked 
| 108|0x00000000e6c00000, 0x00000000e6c00000, 0x00000000e6d00000|  0%| F|  |TAMS 0x00000000e6c00000, 0x00000000e6c00000| Untracked 
| 109|0x00000000e6d00000, 0x00000000e6d00000, 0x00000000e6e00000|  0%| F|  |TAMS 0x00000000e6d00000, 0x00000000e6d00000| Untracked 
| 110|0x00000000e6e00000, 0x00000000e6e00000, 0x00000000e6f00000|  0%| F|  |TAMS 0x00000000e6e00000, 0x00000000e6e00000| Untracked 
| 111|0x00000000e6f00000, 0x00000000e6f00000, 0x00000000e7000000|  0%| F|  |TAMS 0x00000000e6f00000, 0x00000000e6f00000| Untracked 
| 112|0x00000000e7000000, 0x00000000e7000000, 0x00000000e7100000|  0%| F|  |TAMS 0x00000000e7000000, 0x00000000e7000000| Untracked 
| 113|0x00000000e7100000, 0x00000000e7100000, 0x00000000e7200000|  0%| F|  |TAMS 0x00000000e7100000, 0x00000000e7100000| Untracked 
| 114|0x00000000e7200000, 0x00000000e7200000, 0x00000000e7300000|  0%| F|  |TAMS 0x00000000e7200000, 0x00000000e7200000| Untracked 
| 115|0x00000000e7300000, 0x00000000e7300000, 0x00000000e7400000|  0%| F|  |TAMS 0x00000000e7300000, 0x00000000e7300000| Untracked 
| 116|0x00000000e7400000, 0x00000000e7400000, 0x00000000e7500000|  0%| F|  |TAMS 0x00000000e7400000, 0x00000000e7400000| Untracked 
| 117|0x00000000e7500000, 0x00000000e7500000, 0x00000000e7600000|  0%| F|  |TAMS 0x00000000e7500000, 0x00000000e7500000| Untracked 
| 118|0x00000000e7600000, 0x00000000e7600000, 0x00000000e7700000|  0%| F|  |TAMS 0x00000000e7600000, 0x00000000e7600000| Untracked 
| 119|0x00000000e7700000, 0x00000000e7700000, 0x00000000e7800000|  0%| F|  |TAMS 0x00000000e7700000, 0x00000000e7700000| Untracked 
| 120|0x00000000e7800000, 0x00000000e7800000, 0x00000000e7900000|  0%| F|  |TAMS 0x00000000e7800000, 0x00000000e7800000| Untracked 
| 121|0x00000000e7900000, 0x00000000e7900000, 0x00000000e7a00000|  0%| F|  |TAMS 0x00000000e7900000, 0x00000000e7900000| Untracked 
| 122|0x00000000e7a00000, 0x00000000e7a00000, 0x00000000e7b00000|  0%| F|  |TAMS 0x00000000e7a00000, 0x00000000e7a00000| Untracked 
| 123|0x00000000e7b00000, 0x00000000e7b00000, 0x00000000e7c00000|  0%| F|  |TAMS 0x00000000e7b00000, 0x00000000e7b00000| Untracked 
| 124|0x00000000e7c00000, 0x00000000e7c00000, 0x00000000e7d00000|  0%| F|  |TAMS 0x00000000e7c00000, 0x00000000e7c00000| Untracked 
| 125|0x00000000e7d00000, 0x00000000e7d00000, 0x00000000e7e00000|  0%| F|  |TAMS 0x00000000e7d00000, 0x00000000e7d00000| Untracked 
| 126|0x00000000e7e00000, 0x00000000e7e00000, 0x00000000e7f00000|  0%| F|  |TAMS 0x00000000e7e00000, 0x00000000e7e00000| Untracked 
| 127|0x00000000e7f00000, 0x00000000e7f00000, 0x00000000e8000000|  0%| F|  |TAMS 0x00000000e7f00000, 0x00000000e7f00000| Untracked 
| 128|0x00000000e8000000, 0x00000000e8000000, 0x00000000e8100000|  0%| F|  |TAMS 0x00000000e8000000, 0x00000000e8000000| Untracked 
| 129|0x00000000e8100000, 0x00000000e8100000, 0x00000000e8200000|  0%| F|  |TAMS 0x00000000e8100000, 0x00000000e8100000| Untracked 
| 130|0x00000000e8200000, 0x00000000e8200000, 0x00000000e8300000|  0%| F|  |TAMS 0x00000000e8200000, 0x00000000e8200000| Untracked 
| 131|0x00000000e8300000, 0x00000000e8300000, 0x00000000e8400000|  0%| F|  |TAMS 0x00000000e8300000, 0x00000000e8300000| Untracked 
| 132|0x00000000e8400000, 0x00000000e8400000, 0x00000000e8500000|  0%| F|  |TAMS 0x00000000e8400000, 0x00000000e8400000| Untracked 
| 133|0x00000000e8500000, 0x00000000e8500000, 0x00000000e8600000|  0%| F|  |TAMS 0x00000000e8500000, 0x00000000e8500000| Untracked 
| 134|0x00000000e8600000, 0x00000000e8600000, 0x00000000e8700000|  0%| F|  |TAMS 0x00000000e8600000, 0x00000000e8600000| Untracked 
| 135|0x00000000e8700000, 0x00000000e8700000, 0x00000000e8800000|  0%| F|  |TAMS 0x00000000e8700000, 0x00000000e8700000| Untracked 
| 136|0x00000000e8800000, 0x00000000e8800000, 0x00000000e8900000|  0%| F|  |TAMS 0x00000000e8800000, 0x00000000e8800000| Untracked 
| 137|0x00000000e8900000, 0x00000000e8900000, 0x00000000e8a00000|  0%| F|  |TAMS 0x00000000e8900000, 0x00000000e8900000| Untracked 
| 138|0x00000000e8a00000, 0x00000000e8a00000, 0x00000000e8b00000|  0%| F|  |TAMS 0x00000000e8a00000, 0x00000000e8a00000| Untracked 
| 139|0x00000000e8b00000, 0x00000000e8b00000, 0x00000000e8c00000|  0%| F|  |TAMS 0x00000000e8b00000, 0x00000000e8b00000| Untracked 
| 140|0x00000000e8c00000, 0x00000000e8c00000, 0x00000000e8d00000|  0%| F|  |TAMS 0x00000000e8c00000, 0x00000000e8c00000| Untracked 
| 141|0x00000000e8d00000, 0x00000000e8d00000, 0x00000000e8e00000|  0%| F|  |TAMS 0x00000000e8d00000, 0x00000000e8d00000| Untracked 
| 142|0x00000000e8e00000, 0x00000000e8e00000, 0x00000000e8f00000|  0%| F|  |TAMS 0x00000000e8e00000, 0x00000000e8e00000| Untracked 
| 143|0x00000000e8f00000, 0x00000000e8f00000, 0x00000000e9000000|  0%| F|  |TAMS 0x00000000e8f00000, 0x00000000e8f00000| Untracked 
| 144|0x00000000e9000000, 0x00000000e9000000, 0x00000000e9100000|  0%| F|  |TAMS 0x00000000e9000000, 0x00000000e9000000| Untracked 
| 145|0x00000000e9100000, 0x00000000e9100000, 0x00000000e9200000|  0%| F|  |TAMS 0x00000000e9100000, 0x00000000e9100000| Untracked 
| 146|0x00000000e9200000, 0x00000000e9200000, 0x00000000e9300000|  0%| F|  |TAMS 0x00000000e9200000, 0x00000000e9200000| Untracked 
| 147|0x00000000e9300000, 0x00000000e9300000, 0x00000000e9400000|  0%| F|  |TAMS 0x00000000e9300000, 0x00000000e9300000| Untracked 
| 148|0x00000000e9400000, 0x00000000e9400000, 0x00000000e9500000|  0%| F|  |TAMS 0x00000000e9400000, 0x00000000e9400000| Untracked 
| 149|0x00000000e9500000, 0x00000000e9500000, 0x00000000e9600000|  0%| F|  |TAMS 0x00000000e9500000, 0x00000000e9500000| Untracked 
| 150|0x00000000e9600000, 0x00000000e9600000, 0x00000000e9700000|  0%| F|  |TAMS 0x00000000e9600000, 0x00000000e9600000| Untracked 
| 151|0x00000000e9700000, 0x00000000e9700000, 0x00000000e9800000|  0%| F|  |TAMS 0x00000000e9700000, 0x00000000e9700000| Untracked 
| 152|0x00000000e9800000, 0x00000000e9800000, 0x00000000e9900000|  0%| F|  |TAMS 0x00000000e9800000, 0x00000000e9800000| Untracked 
| 153|0x00000000e9900000, 0x00000000e9900000, 0x00000000e9a00000|  0%| F|  |TAMS 0x00000000e9900000, 0x00000000e9900000| Untracked 
| 154|0x00000000e9a00000, 0x00000000e9a00000, 0x00000000e9b00000|  0%| F|  |TAMS 0x00000000e9a00000, 0x00000000e9a00000| Untracked 
| 155|0x00000000e9b00000, 0x00000000e9b00000, 0x00000000e9c00000|  0%| F|  |TAMS 0x00000000e9b00000, 0x00000000e9b00000| Untracked 
| 156|0x00000000e9c00000, 0x00000000e9c00000, 0x00000000e9d00000|  0%| F|  |TAMS 0x00000000e9c00000, 0x00000000e9c00000| Untracked 
| 157|0x00000000e9d00000, 0x00000000e9d00000, 0x00000000e9e00000|  0%| F|  |TAMS 0x00000000e9d00000, 0x00000000e9d00000| Untracked 
| 158|0x00000000e9e00000, 0x00000000e9e00000, 0x00000000e9f00000|  0%| F|  |TAMS 0x00000000e9e00000, 0x00000000e9e00000| Untracked 
| 159|0x00000000e9f00000, 0x00000000e9f00000, 0x00000000ea000000|  0%| F|  |TAMS 0x00000000e9f00000, 0x00000000e9f00000| Untracked 
| 160|0x00000000ea000000, 0x00000000ea000000, 0x00000000ea100000|  0%| F|  |TAMS 0x00000000ea000000, 0x00000000ea000000| Untracked 
| 161|0x00000000ea100000, 0x00000000ea100000, 0x00000000ea200000|  0%| F|  |TAMS 0x00000000ea100000, 0x00000000ea100000| Untracked 
| 162|0x00000000ea200000, 0x00000000ea200000, 0x00000000ea300000|  0%| F|  |TAMS 0x00000000ea200000, 0x00000000ea200000| Untracked 
| 163|0x00000000ea300000, 0x00000000ea300000, 0x00000000ea400000|  0%| F|  |TAMS 0x00000000ea300000, 0x00000000ea300000| Untracked 
| 164|0x00000000ea400000, 0x00000000ea400000, 0x00000000ea500000|  0%| F|  |TAMS 0x00000000ea400000, 0x00000000ea400000| Untracked 
| 165|0x00000000ea500000, 0x00000000ea500000, 0x00000000ea600000|  0%| F|  |TAMS 0x00000000ea500000, 0x00000000ea500000| Untracked 
| 166|0x00000000ea600000, 0x00000000ea600000, 0x00000000ea700000|  0%| F|  |TAMS 0x00000000ea600000, 0x00000000ea600000| Untracked 
| 167|0x00000000ea700000, 0x00000000ea700000, 0x00000000ea800000|  0%| F|  |TAMS 0x00000000ea700000, 0x00000000ea700000| Untracked 
| 168|0x00000000ea800000, 0x00000000ea800000, 0x00000000ea900000|  0%| F|  |TAMS 0x00000000ea800000, 0x00000000ea800000| Untracked 
| 169|0x00000000ea900000, 0x00000000ea900000, 0x00000000eaa00000|  0%| F|  |TAMS 0x00000000ea900000, 0x00000000ea900000| Untracked 
| 170|0x00000000eaa00000, 0x00000000eaa00000, 0x00000000eab00000|  0%| F|  |TAMS 0x00000000eaa00000, 0x00000000eaa00000| Untracked 
| 171|0x00000000eab00000, 0x00000000eab00000, 0x00000000eac00000|  0%| F|  |TAMS 0x00000000eab00000, 0x00000000eab00000| Untracked 
| 172|0x00000000eac00000, 0x00000000eac00000, 0x00000000ead00000|  0%| F|  |TAMS 0x00000000eac00000, 0x00000000eac00000| Untracked 
| 173|0x00000000ead00000, 0x00000000ead00000, 0x00000000eae00000|  0%| F|  |TAMS 0x00000000ead00000, 0x00000000ead00000| Untracked 
| 174|0x00000000eae00000, 0x00000000eae00000, 0x00000000eaf00000|  0%| F|  |TAMS 0x00000000eae00000, 0x00000000eae00000| Untracked 
| 175|0x00000000eaf00000, 0x00000000eaf00000, 0x00000000eb000000|  0%| F|  |TAMS 0x00000000eaf00000, 0x00000000eaf00000| Untracked 
| 176|0x00000000eb000000, 0x00000000eb000000, 0x00000000eb100000|  0%| F|  |TAMS 0x00000000eb000000, 0x00000000eb000000| Untracked 
| 177|0x00000000eb100000, 0x00000000eb200000, 0x00000000eb200000|100%| E|  |TAMS 0x00000000eb100000, 0x00000000eb100000| Complete 
| 178|0x00000000eb200000, 0x00000000eb300000, 0x00000000eb300000|100%| E|CS|TAMS 0x00000000eb200000, 0x00000000eb200000| Complete 
| 179|0x00000000eb300000, 0x00000000eb400000, 0x00000000eb400000|100%| E|CS|TAMS 0x00000000eb300000, 0x00000000eb300000| Complete 
| 180|0x00000000eb400000, 0x00000000eb500000, 0x00000000eb500000|100%| E|CS|TAMS 0x00000000eb400000, 0x00000000eb400000| Complete 
| 181|0x00000000eb500000, 0x00000000eb600000, 0x00000000eb600000|100%| E|CS|TAMS 0x00000000eb500000, 0x00000000eb500000| Complete 
| 182|0x00000000eb600000, 0x00000000eb700000, 0x00000000eb700000|100%| E|CS|TAMS 0x00000000eb600000, 0x00000000eb600000| Complete 
| 183|0x00000000eb700000, 0x00000000eb800000, 0x00000000eb800000|100%| E|CS|TAMS 0x00000000eb700000, 0x00000000eb700000| Complete 
| 184|0x00000000eb800000, 0x00000000eb900000, 0x00000000eb900000|100%| E|CS|TAMS 0x00000000eb800000, 0x00000000eb800000| Complete 
| 185|0x00000000eb900000, 0x00000000eba00000, 0x00000000eba00000|100%| E|CS|TAMS 0x00000000eb900000, 0x00000000eb900000| Complete 
| 186|0x00000000eba00000, 0x00000000ebb00000, 0x00000000ebb00000|100%| E|CS|TAMS 0x00000000eba00000, 0x00000000eba00000| Complete 
| 187|0x00000000ebb00000, 0x00000000ebc00000, 0x00000000ebc00000|100%| E|CS|TAMS 0x00000000ebb00000, 0x00000000ebb00000| Complete 
| 188|0x00000000ebc00000, 0x00000000ebd00000, 0x00000000ebd00000|100%| E|CS|TAMS 0x00000000ebc00000, 0x00000000ebc00000| Complete 
| 189|0x00000000ebd00000, 0x00000000ebe00000, 0x00000000ebe00000|100%| E|CS|TAMS 0x00000000ebd00000, 0x00000000ebd00000| Complete 
| 190|0x00000000ebe00000, 0x00000000ebf00000, 0x00000000ebf00000|100%| E|CS|TAMS 0x00000000ebe00000, 0x00000000ebe00000| Complete 
| 191|0x00000000ebf00000, 0x00000000ec000000, 0x00000000ec000000|100%| E|CS|TAMS 0x00000000ebf00000, 0x00000000ebf00000| Complete 
| 192|0x00000000ec000000, 0x00000000ec100000, 0x00000000ec100000|100%| E|CS|TAMS 0x00000000ec000000, 0x00000000ec000000| Complete 
| 193|0x00000000ec100000, 0x00000000ec200000, 0x00000000ec200000|100%| E|CS|TAMS 0x00000000ec100000, 0x00000000ec100000| Complete 
| 194|0x00000000ec200000, 0x00000000ec300000, 0x00000000ec300000|100%| E|CS|TAMS 0x00000000ec200000, 0x00000000ec200000| Complete 
| 195|0x00000000ec300000, 0x00000000ec400000, 0x00000000ec400000|100%| E|CS|TAMS 0x00000000ec300000, 0x00000000ec300000| Complete 
| 196|0x00000000ec400000, 0x00000000ec500000, 0x00000000ec500000|100%| E|CS|TAMS 0x00000000ec400000, 0x00000000ec400000| Complete 
| 197|0x00000000ec500000, 0x00000000ec600000, 0x00000000ec600000|100%| E|CS|TAMS 0x00000000ec500000, 0x00000000ec500000| Complete 
| 198|0x00000000ec600000, 0x00000000ec700000, 0x00000000ec700000|100%| E|CS|TAMS 0x00000000ec600000, 0x00000000ec600000| Complete 
| 199|0x00000000ec700000, 0x00000000ec800000, 0x00000000ec800000|100%| E|CS|TAMS 0x00000000ec700000, 0x00000000ec700000| Complete 
| 200|0x00000000ec800000, 0x00000000ec900000, 0x00000000ec900000|100%| E|CS|TAMS 0x00000000ec800000, 0x00000000ec800000| Complete 
| 201|0x00000000ec900000, 0x00000000eca00000, 0x00000000eca00000|100%| E|CS|TAMS 0x00000000ec900000, 0x00000000ec900000| Complete 
| 202|0x00000000eca00000, 0x00000000ecb00000, 0x00000000ecb00000|100%| E|CS|TAMS 0x00000000eca00000, 0x00000000eca00000| Complete 
| 203|0x00000000ecb00000, 0x00000000ecc00000, 0x00000000ecc00000|100%| E|CS|TAMS 0x00000000ecb00000, 0x00000000ecb00000| Complete 
| 204|0x00000000ecc00000, 0x00000000ecd00000, 0x00000000ecd00000|100%| E|CS|TAMS 0x00000000ecc00000, 0x00000000ecc00000| Complete 
| 205|0x00000000ecd00000, 0x00000000ece00000, 0x00000000ece00000|100%| E|CS|TAMS 0x00000000ecd00000, 0x00000000ecd00000| Complete 
| 206|0x00000000ece00000, 0x00000000ecf00000, 0x00000000ecf00000|100%| E|CS|TAMS 0x00000000ece00000, 0x00000000ece00000| Complete 
| 207|0x00000000ecf00000, 0x00000000ed000000, 0x00000000ed000000|100%| E|CS|TAMS 0x00000000ecf00000, 0x00000000ecf00000| Complete 
| 208|0x00000000ed000000, 0x00000000ed100000, 0x00000000ed100000|100%| E|CS|TAMS 0x00000000ed000000, 0x00000000ed000000| Complete 
| 209|0x00000000ed100000, 0x00000000ed200000, 0x00000000ed200000|100%| E|CS|TAMS 0x00000000ed100000, 0x00000000ed100000| Complete 
| 210|0x00000000ed200000, 0x00000000ed300000, 0x00000000ed300000|100%| E|CS|TAMS 0x00000000ed200000, 0x00000000ed200000| Complete 
| 211|0x00000000ed300000, 0x00000000ed400000, 0x00000000ed400000|100%| E|CS|TAMS 0x00000000ed300000, 0x00000000ed300000| Complete 
| 212|0x00000000ed400000, 0x00000000ed500000, 0x00000000ed500000|100%| E|CS|TAMS 0x00000000ed400000, 0x00000000ed400000| Complete 
| 213|0x00000000ed500000, 0x00000000ed600000, 0x00000000ed600000|100%| E|CS|TAMS 0x00000000ed500000, 0x00000000ed500000| Complete 
| 214|0x00000000ed600000, 0x00000000ed700000, 0x00000000ed700000|100%| E|CS|TAMS 0x00000000ed600000, 0x00000000ed600000| Complete 
| 215|0x00000000ed700000, 0x00000000ed800000, 0x00000000ed800000|100%| E|CS|TAMS 0x00000000ed700000, 0x00000000ed700000| Complete 
| 216|0x00000000ed800000, 0x00000000ed900000, 0x00000000ed900000|100%| E|CS|TAMS 0x00000000ed800000, 0x00000000ed800000| Complete 
| 217|0x00000000ed900000, 0x00000000eda00000, 0x00000000eda00000|100%| E|CS|TAMS 0x00000000ed900000, 0x00000000ed900000| Complete 
| 218|0x00000000eda00000, 0x00000000edb00000, 0x00000000edb00000|100%| E|CS|TAMS 0x00000000eda00000, 0x00000000eda00000| Complete 
| 219|0x00000000edb00000, 0x00000000edc00000, 0x00000000edc00000|100%| E|CS|TAMS 0x00000000edb00000, 0x00000000edb00000| Complete 
| 220|0x00000000edc00000, 0x00000000edd00000, 0x00000000edd00000|100%| E|CS|TAMS 0x00000000edc00000, 0x00000000edc00000| Complete 
| 221|0x00000000edd00000, 0x00000000ede00000, 0x00000000ede00000|100%| E|CS|TAMS 0x00000000edd00000, 0x00000000edd00000| Complete 
| 222|0x00000000ede00000, 0x00000000edf00000, 0x00000000edf00000|100%| E|CS|TAMS 0x00000000ede00000, 0x00000000ede00000| Complete 
| 223|0x00000000edf00000, 0x00000000ee000000, 0x00000000ee000000|100%| E|CS|TAMS 0x00000000edf00000, 0x00000000edf00000| Complete 
| 224|0x00000000ee000000, 0x00000000ee100000, 0x00000000ee100000|100%| E|CS|TAMS 0x00000000ee000000, 0x00000000ee000000| Complete 
| 225|0x00000000ee100000, 0x00000000ee200000, 0x00000000ee200000|100%| E|CS|TAMS 0x00000000ee100000, 0x00000000ee100000| Complete 
| 226|0x00000000ee200000, 0x00000000ee2c3618, 0x00000000ee300000| 76%| S|CS|TAMS 0x00000000ee200000, 0x00000000ee200000| Complete 
| 227|0x00000000ee300000, 0x00000000ee400000, 0x00000000ee400000|100%| E|CS|TAMS 0x00000000ee300000, 0x00000000ee300000| Complete 
| 228|0x00000000ee400000, 0x00000000ee500000, 0x00000000ee500000|100%| E|CS|TAMS 0x00000000ee400000, 0x00000000ee400000| Complete 
| 229|0x00000000ee500000, 0x00000000ee600000, 0x00000000ee600000|100%| E|CS|TAMS 0x00000000ee500000, 0x00000000ee500000| Complete 
| 230|0x00000000ee600000, 0x00000000ee700000, 0x00000000ee700000|100%| E|CS|TAMS 0x00000000ee600000, 0x00000000ee600000| Complete 
| 231|0x00000000ee700000, 0x00000000ee800000, 0x00000000ee800000|100%| E|CS|TAMS 0x00000000ee700000, 0x00000000ee700000| Complete 
| 232|0x00000000ee800000, 0x00000000ee900000, 0x00000000ee900000|100%| E|CS|TAMS 0x00000000ee800000, 0x00000000ee800000| Complete 
| 233|0x00000000ee900000, 0x00000000eea00000, 0x00000000eea00000|100%| E|CS|TAMS 0x00000000ee900000, 0x00000000ee900000| Complete 
| 234|0x00000000eea00000, 0x00000000eeb00000, 0x00000000eeb00000|100%| E|CS|TAMS 0x00000000eea00000, 0x00000000eea00000| Complete 
| 235|0x00000000eeb00000, 0x00000000eec00000, 0x00000000eec00000|100%| E|CS|TAMS 0x00000000eeb00000, 0x00000000eeb00000| Complete 
| 236|0x00000000eec00000, 0x00000000eed00000, 0x00000000eed00000|100%| E|CS|TAMS 0x00000000eec00000, 0x00000000eec00000| Complete 
| 237|0x00000000eed00000, 0x00000000eee00000, 0x00000000eee00000|100%| E|CS|TAMS 0x00000000eed00000, 0x00000000eed00000| Complete 
| 238|0x00000000eee00000, 0x00000000eef00000, 0x00000000eef00000|100%| E|CS|TAMS 0x00000000eee00000, 0x00000000eee00000| Complete 
| 239|0x00000000eef00000, 0x00000000ef000000, 0x00000000ef000000|100%| E|CS|TAMS 0x00000000eef00000, 0x00000000eef00000| Complete 
| 240|0x00000000ef000000, 0x00000000ef100000, 0x00000000ef100000|100%| E|CS|TAMS 0x00000000ef000000, 0x00000000ef000000| Complete 
| 241|0x00000000ef100000, 0x00000000ef200000, 0x00000000ef200000|100%| E|CS|TAMS 0x00000000ef100000, 0x00000000ef100000| Complete 
| 242|0x00000000ef200000, 0x00000000ef300000, 0x00000000ef300000|100%| E|CS|TAMS 0x00000000ef200000, 0x00000000ef200000| Complete 
| 243|0x00000000ef300000, 0x00000000ef400000, 0x00000000ef400000|100%| E|CS|TAMS 0x00000000ef300000, 0x00000000ef300000| Complete 
| 244|0x00000000ef400000, 0x00000000ef500000, 0x00000000ef500000|100%| E|CS|TAMS 0x00000000ef400000, 0x00000000ef400000| Complete 
| 245|0x00000000ef500000, 0x00000000ef600000, 0x00000000ef600000|100%| E|CS|TAMS 0x00000000ef500000, 0x00000000ef500000| Complete 
| 246|0x00000000ef600000, 0x00000000ef700000, 0x00000000ef700000|100%| E|CS|TAMS 0x00000000ef600000, 0x00000000ef600000| Complete 
| 247|0x00000000ef700000, 0x00000000ef800000, 0x00000000ef800000|100%| E|CS|TAMS 0x00000000ef700000, 0x00000000ef700000| Complete 
| 248|0x00000000ef800000, 0x00000000ef900000, 0x00000000ef900000|100%| E|CS|TAMS 0x00000000ef800000, 0x00000000ef800000| Complete 
| 249|0x00000000ef900000, 0x00000000efa00000, 0x00000000efa00000|100%| E|CS|TAMS 0x00000000ef900000, 0x00000000ef900000| Complete 
| 250|0x00000000efa00000, 0x00000000efb00000, 0x00000000efb00000|100%| E|CS|TAMS 0x00000000efa00000, 0x00000000efa00000| Complete 
| 251|0x00000000efb00000, 0x00000000efc00000, 0x00000000efc00000|100%| E|CS|TAMS 0x00000000efb00000, 0x00000000efb00000| Complete 
| 252|0x00000000efc00000, 0x00000000efd00000, 0x00000000efd00000|100%| E|CS|TAMS 0x00000000efc00000, 0x00000000efc00000| Complete 
| 253|0x00000000efd00000, 0x00000000efe00000, 0x00000000efe00000|100%| E|CS|TAMS 0x00000000efd00000, 0x00000000efd00000| Complete 
| 254|0x00000000efe00000, 0x00000000eff00000, 0x00000000eff00000|100%| E|CS|TAMS 0x00000000efe00000, 0x00000000efe00000| Complete 
| 255|0x00000000eff00000, 0x00000000f0000000, 0x00000000f0000000|100%| E|CS|TAMS 0x00000000eff00000, 0x00000000eff00000| Complete 

Card table byte_map: [0x0000016053570000,0x0000016053670000] _byte_map_base: 0x0000016052e70000

Marking Bits (Prev, Next): (CMBitMap*) 0x000001603a6a71f0, (CMBitMap*) 0x000001603a6a7230
 Prev Bits: [0x0000016053770000, 0x0000016053f70000)
 Next Bits: [0x0000016053f70000, 0x0000016054770000)

Polling page: 0x0000016038660000

Metaspace:

Usage:
  Non-class:     14.50 MB used.
      Class:      2.32 MB used.
       Both:     16.82 MB used.

Virtual space:
  Non-class space:       64.00 MB reserved,      14.69 MB ( 23%) committed,  1 nodes.
      Class space:      320.00 MB reserved,       2.44 MB ( <1%) committed,  1 nodes.
             Both:      384.00 MB reserved,      17.12 MB (  4%) committed. 

Chunk freelists:
   Non-Class:  560.00 KB
       Class:  13.58 MB
        Both:  14.12 MB

MaxMetaspaceSize: 384.00 MB
CompressedClassSpaceSize: 320.00 MB
Initial GC threshold: 21.00 MB
Current GC threshold: 21.00 MB
CDS: on
MetaspaceReclaimPolicy: balanced
 - commit_granule_bytes: 65536.
 - commit_granule_words: 8192.
 - virtual_space_node_default_size: 8388608.
 - enlarge_chunks_in_place: 1.
 - new_chunks_are_fully_committed: 0.
 - uncommit_free_chunks: 1.
 - use_allocation_guard: 0.
 - handle_deallocations: 1.


Internal statistics:

num_allocs_failed_limit: 0.
num_arena_births: 232.
num_arena_deaths: 0.
num_vsnodes_births: 2.
num_vsnodes_deaths: 0.
num_space_committed: 274.
num_space_uncommitted: 0.
num_chunks_returned_to_freelist: 0.
num_chunks_taken_from_freelist: 780.
num_chunk_merges: 0.
num_chunk_splits: 508.
num_chunks_enlarged: 361.
num_inconsistent_stats: 0.

CodeHeap 'non-profiled nmethods': size=119488Kb used=892Kb max_used=892Kb free=118595Kb
 bounds [0x000001604bc90000, 0x000001604bf00000, 0x0000016053140000]
CodeHeap 'profiled nmethods': size=119424Kb used=5886Kb max_used=5886Kb free=113537Kb
 bounds [0x0000016044140000, 0x0000016044700000, 0x000001604b5e0000]
CodeHeap 'non-nmethods': size=6848Kb used=2367Kb max_used=2375Kb free=4480Kb
 bounds [0x000001604b5e0000, 0x000001604b850000, 0x000001604bc90000]
 total_blobs=3083 nmethods=2544 adapters=452
 compilation: enabled
              stopped_count=0, restarted_count=0
 full_count=0

JVMCI Events (20 events):
Event: 2.977 Thread 0x00000160571c8d70 compacted oop handles in JVMCI runtime 0 from 73 to 69
Event: 2.980 Thread 0x00000160571c8d70 compacted oop handles in JVMCI runtime 0 from 70 to 69
Event: 3.010 Thread 0x00000160571c8d70 compacted oop handles in JVMCI runtime 0 from 76 to 53
Event: 3.030 Thread 0x00000160571c8d70 compacted oop handles in JVMCI runtime 0 from 65 to 63
Event: 3.128 Thread 0x00000160571c8d70 compacted oop handles in JVMCI runtime 0 from 80 to 77
Event: 3.130 Thread 0x00000160571c8d70 compacted oop handles in JVMCI runtime 0 from 80 to 77
Event: 3.133 Thread 0x00000160571c8d70 compacted oop handles in JVMCI runtime 0 from 78 to 77
Event: 3.171 Thread 0x00000160571c8d70 compacted oop handles in JVMCI runtime 0 from 86 to 57
Event: 3.275 Thread 0x00000160571c8d70 compacted oop handles in JVMCI runtime 0 from 74 to 73
Event: 3.486 Thread 0x00000160571c8d70 compacted oop handles in JVMCI runtime 0 from 89 to 83
Event: 3.486 Thread 0x00000160571c8d70 compacted oop handles in JVMCI runtime 0 from 84 to 56
Event: 3.584 Thread 0x00000160571c8d70 compacted oop handles in JVMCI runtime 0 from 97 to 88
Event: 3.584 Thread 0x00000160571c8d70 compacted oop handles in JVMCI runtime 0 from 88 to 58
Event: 3.630 Thread 0x00000160571c8d70 compacted oop handles in JVMCI runtime 0 from 123 to 107
Event: 3.726 Thread 0x00000160571c8d70 compacted oop handles in JVMCI runtime 0 from 140 to 123
Event: 3.726 Thread 0x00000160571c8d70 compacted oop handles in JVMCI runtime 0 from 124 to 82
Event: 3.753 Thread 0x00000160571c8d70 compacted oop handles in JVMCI runtime 0 from 95 to 93
Event: 3.777 Thread 0x00000160571c8d70 compacted oop handles in JVMCI runtime 0 from 95 to 93
Event: 3.777 Thread 0x00000160571c8d70 compacted oop handles in JVMCI runtime 0 from 94 to 82
Event: 3.793 Thread 0x00000160571c8d70 compacted oop handles in JVMCI runtime 0 from 95 to 92

Compilation events (20 events):
Event: 3.798 Thread 0x00000160571c8d70 nmethod 2524 0x000001604bd6de90 code [0x000001604bd6e020, 0x000001604bd6e190]
Event: 3.806 Thread 0x00000160571d1b40 2526       3       java.lang.invoke.InfoFromMemberName::getModifiers (8 bytes)
Event: 3.806 Thread 0x00000160571d1b40 nmethod 2526 0x00000160446f3b90 code [0x00000160446f3d20, 0x00000160446f3e98]
Event: 3.808 Thread 0x00000160571c8d70 2527   !   4       java.lang.ClassLoader::loadClass (121 bytes)
Event: 3.813 Thread 0x00000160571d1b40 2529       3       jdk.internal.misc.Unsafe::getIntUnaligned (12 bytes)
Event: 3.814 Thread 0x00000160571d1b40 nmethod 2529 0x00000160446f3f90 code [0x00000160446f4140, 0x00000160446f4398]
Event: 3.818 Thread 0x0000016073878bf0 2530       3       java.lang.reflect.ProxyGenerator$ProxyMethod::emitIconstInsn (75 bytes)
Event: 3.819 Thread 0x0000016073878bf0 nmethod 2530 0x00000160446f4490 code [0x00000160446f46c0, 0x00000160446f5518]
Event: 3.819 Thread 0x0000016073878bf0 2531       3       org.gradle.internal.service.DefaultServiceRegistry$ManagedObjectServiceProvider::requiredBy (20 bytes)
Event: 3.819 Thread 0x00000160571d1b40 2532       3       org.gradle.internal.service.DefaultServiceRegistry$ManagedObjectServiceProvider::fromSameRegistry (27 bytes)
Event: 3.819 Thread 0x00000160571907e0 2533       3       org.gradle.internal.service.DefaultServiceRegistry::access$1600 (6 bytes)
Event: 3.819 Thread 0x00000160571d1b40 nmethod 2532 0x00000160446f5790 code [0x00000160446f5940, 0x00000160446f5f98]
Event: 3.819 Thread 0x00000160571907e0 nmethod 2533 0x00000160446f6090 code [0x00000160446f6220, 0x00000160446f6328]
Event: 3.819 Thread 0x0000016073878bf0 nmethod 2531 0x00000160446f6410 code [0x00000160446f65e0, 0x00000160446f6f08]
Event: 3.845 Thread 0x0000016073878bf0 2535       3       java.lang.Package$VersionInfo::<init> (44 bytes)
Event: 3.845 Thread 0x0000016073878bf0 nmethod 2535 0x00000160446f7010 code [0x00000160446f71c0, 0x00000160446f75b8]
Event: 3.906 Thread 0x00000160571907e0 2537       3       java.lang.reflect.Method::getGenericParameterTypes (5 bytes)
Event: 3.906 Thread 0x0000016073878bf0 2538       3       java.lang.reflect.Method::hasGenericInformation (13 bytes)
Event: 3.906 Thread 0x0000016073878bf0 nmethod 2538 0x00000160446f7690 code [0x00000160446f7820, 0x00000160446f7998]
Event: 3.908 Thread 0x00000160571907e0 nmethod 2537 0x00000160446f7a10 code [0x00000160446f7cc0, 0x00000160446f9438]

GC Heap History (4 events):
Event: 0.928 GC heap before
{Heap before GC invocations=0 (full 0):
 garbage-first heap   total 262144K, used 26624K [0x00000000e0000000, 0x0000000100000000)
  region size 1024K, 23 young (23552K), 0 survivors (0K)
 Metaspace       used 3238K, committed 3392K, reserved 393216K
  class space    used 387K, committed 448K, reserved 327680K
}
Event: 0.934 GC heap after
{Heap after GC invocations=1 (full 0):
 garbage-first heap   total 262144K, used 10501K [0x00000000e0000000, 0x0000000100000000)
  region size 1024K, 3 young (3072K), 3 survivors (3072K)
 Metaspace       used 3238K, committed 3392K, reserved 393216K
  class space    used 387K, committed 448K, reserved 327680K
}
Event: 1.629 GC heap before
{Heap before GC invocations=1 (full 0):
 garbage-first heap   total 262144K, used 37125K [0x00000000e0000000, 0x0000000100000000)
  region size 1024K, 29 young (29696K), 3 survivors (3072K)
 Metaspace       used 4411K, committed 4544K, reserved 393216K
  class space    used 496K, committed 576K, reserved 327680K
}
Event: 1.633 GC heap after
{Heap after GC invocations=2 (full 0):
 garbage-first heap   total 262144K, used 11305K [0x00000000e0000000, 0x0000000100000000)
  region size 1024K, 1 young (1024K), 1 survivors (1024K)
 Metaspace       used 4411K, committed 4544K, reserved 393216K
  class space    used 496K, committed 576K, reserved 327680K
}

Dll operation events (15 events):
Event: 0.010 Loaded shared library C:\Users\Hazem.Ewidat\.jdks\graalvm-ce-17\bin\java.dll
Event: 0.037 Loaded shared library C:\Users\Hazem.Ewidat\.jdks\graalvm-ce-17\bin\jsvml.dll
Event: 0.123 Loaded shared library C:\Users\Hazem.Ewidat\.jdks\graalvm-ce-17\bin\zip.dll
Event: 0.126 Loaded shared library C:\Users\Hazem.Ewidat\.jdks\graalvm-ce-17\bin\instrument.dll
Event: 0.130 Loaded shared library C:\Users\Hazem.Ewidat\.jdks\graalvm-ce-17\bin\net.dll
Event: 0.132 Loaded shared library C:\Users\Hazem.Ewidat\.jdks\graalvm-ce-17\bin\nio.dll
Event: 0.138 Loaded shared library C:\Users\Hazem.Ewidat\.jdks\graalvm-ce-17\bin\jvmcicompiler.dll
Event: 0.140 Loaded shared library C:\Users\Hazem.Ewidat\.jdks\graalvm-ce-17\bin\zip.dll
Event: 0.433 Loaded shared library C:\Users\Hazem.Ewidat\.jdks\graalvm-ce-17\bin\jimage.dll
Event: 0.532 Loaded shared library C:\Users\Hazem.Ewidat\.jdks\graalvm-ce-17\bin\verify.dll
Event: 0.785 Loaded shared library C:\Users\Hazem.Ewidat\.gradle\native\68d5fa5c4cc2d200863cafc0d521ce42e7d3e7ee720ec0a83991735586a16f82\windows-amd64\native-platform.dll
Event: 0.793 Loaded shared library C:\Users\Hazem.Ewidat\.gradle\native\e376f236ea51e6404a007f0833ffe2c6e607c4080706a723a18a27aeea778392\windows-amd64\native-platform-file-events.dll
Event: 2.040 Loaded shared library C:\Users\Hazem.Ewidat\.jdks\graalvm-ce-17\bin\management.dll
Event: 2.047 Loaded shared library C:\Users\Hazem.Ewidat\.jdks\graalvm-ce-17\bin\management_ext.dll
Event: 2.781 Loaded shared library C:\Users\Hazem.Ewidat\.jdks\graalvm-ce-17\bin\sunmscapi.dll

Deoptimization events (20 events):
Event: 2.850 Thread 0x00000160746f6ec0 DEOPT PACKING pc=0x000001604bcad8c5 sp=0x0000005f1d5fdd40
Event: 2.850 Thread 0x00000160746f6ec0 DEOPT UNPACKING pc=0x000001604b636f45 sp=0x0000005f1d5fd1d8 mode 3
Event: 2.855 Thread 0x00000160746f6ec0 DEOPT PACKING pc=0x00000160445c1388 sp=0x0000005f1d5feac0
Event: 2.855 Thread 0x00000160746f6ec0 DEOPT UNPACKING pc=0x000001604b636f45 sp=0x0000005f1d5fdfc8 mode 0
Event: 3.124 Thread 0x0000016074764670 Uncommon trap: trap_request=0xffffffed fr.pc=0x000001604bcbe46b relative=0x000000000000054b
Event: 3.124 Thread 0x0000016074764670 Uncommon trap: reason=null_assert_or_unreached0 action=reinterpret pc=0x000001604bcbe46b method=java.util.HashMap.getNode(Ljava/lang/Object;)Ljava/util/HashMap$Node; @ 66 jvmci
Event: 3.124 Thread 0x0000016074764670 DEOPT PACKING pc=0x000001604bcbe46b sp=0x0000005f1d7fc500
Event: 3.124 Thread 0x0000016074764670 DEOPT UNPACKING pc=0x000001604b636f45 sp=0x0000005f1d7fb9b0 mode 3
Event: 3.143 Thread 0x0000016074764670 Uncommon trap: trap_request=0xffffffed fr.pc=0x000001604bd1b0a5 relative=0x0000000000000585
Event: 3.143 Thread 0x0000016074764670 Uncommon trap: reason=null_assert_or_unreached0 action=reinterpret pc=0x000001604bd1b0a5 method=java.util.concurrent.ConcurrentHashMap.get(Ljava/lang/Object;)Ljava/lang/Object; @ 76 jvmci
Event: 3.143 Thread 0x0000016074764670 DEOPT PACKING pc=0x000001604bd1b0a5 sp=0x0000005f1d7fb9d0
Event: 3.143 Thread 0x0000016074764670 DEOPT UNPACKING pc=0x000001604b636f45 sp=0x0000005f1d7fae68 mode 3
Event: 3.518 Thread 0x0000016074764670 Uncommon trap: trap_request=0xffffffed fr.pc=0x000001604bcecd2a relative=0x000000000000030a
Event: 3.518 Thread 0x0000016074764670 Uncommon trap: reason=null_assert_or_unreached0 action=reinterpret pc=0x000001604bcecd2a method=java.lang.String.lastIndexOf(II)I @ 16 jvmci
Event: 3.518 Thread 0x0000016074764670 DEOPT PACKING pc=0x000001604bcecd2a sp=0x0000005f1d7fd050
Event: 3.518 Thread 0x0000016074764670 DEOPT UNPACKING pc=0x000001604b636f45 sp=0x0000005f1d7fc420 mode 3
Event: 3.763 Thread 0x0000016074764670 Uncommon trap: trap_request=0xffffffed fr.pc=0x000001604bd28dec relative=0x000000000000006c
Event: 3.763 Thread 0x0000016074764670 Uncommon trap: reason=null_assert_or_unreached0 action=reinterpret pc=0x000001604bd28dec method=jdk.internal.misc.Unsafe.getIntUnaligned(Ljava/lang/Object;JZ)I @ 0 jvmci
Event: 3.763 Thread 0x0000016074764670 DEOPT PACKING pc=0x000001604bd28dec sp=0x0000005f1d7fac70
Event: 3.763 Thread 0x0000016074764670 DEOPT UNPACKING pc=0x000001604b636f45 sp=0x0000005f1d7fa0f0 mode 3

Classes unloaded (0 events):
No events

Classes redefined (0 events):
No events

Internal exceptions (20 events):
Event: 3.005 Thread 0x0000016074764670 Exception <a 'java/lang/NoSuchMethodError'{0x00000000ed8c9688}: 'java.lang.Object java.lang.invoke.DirectMethodHandle$Holder.invokeVirtual(java.lang.Object, java.lang.Object, java.lang.Object)'> (0x00000000ed8c9688) 
thrown [s\src\hotspot\share\interpreter\linkResolver.cpp, line 759]
Event: 3.094 Thread 0x0000016074764670 Exception <a 'java/lang/NoSuchMethodError'{0x00000000ed467990}: 'void java.lang.invoke.DirectMethodHandle$Holder.invokeStatic(java.lang.Object, java.lang.Object)'> (0x00000000ed467990) 
thrown [s\src\hotspot\share\interpreter\linkResolver.cpp, line 759]
Event: 3.135 Thread 0x0000016074764670 Exception <a 'java/lang/NoSuchMethodError'{0x00000000ed20b960}: 'java.lang.Object java.lang.invoke.DirectMethodHandle$Holder.newInvokeSpecial(java.lang.Object, java.lang.Object, java.lang.Object, java.lang.Object, java.lang.Object)'> (0x00000000ed20b960) 
thrown [s\src\hotspot\share\interpreter\linkResolver.cpp, line 759]
Event: 3.186 Thread 0x0000016074764670 Exception <a 'java/lang/NoSuchMethodError'{0x00000000ed0298b0}: 'void java.lang.invoke.DirectMethodHandle$Holder.invokeSpecial(java.lang.Object, java.lang.Object, java.lang.Object)'> (0x00000000ed0298b0) 
thrown [s\src\hotspot\share\interpreter\linkResolver.cpp, line 759]
Event: 3.205 Thread 0x0000016074764670 Exception <a 'java/lang/NoSuchMethodError'{0x00000000ed0c2d40}: 'java.lang.Object java.lang.invoke.DirectMethodHandle$Holder.newInvokeSpecial(java.lang.Object, java.lang.Object, java.lang.Object, java.lang.Object, java.lang.Object, java.lang.Object)'> (0x00000000ed0c2d40) 
thrown [s\src\hotspot\share\interpreter\linkResolver.cpp, line 759]
Event: 3.208 Thread 0x0000016074764670 Exception <a 'java/lang/NoSuchMethodError'{0x00000000ed0da578}: 'void java.lang.invoke.DirectMethodHandle$Holder.invokeSpecial(java.lang.Object, java.lang.Object, java.lang.Object, java.lang.Object, java.lang.Object)'> (0x00000000ed0da578) 
thrown [s\src\hotspot\share\interpreter\linkResolver.cpp, line 759]
Event: 3.210 Thread 0x0000016074764670 Exception <a 'java/lang/NoSuchMethodError'{0x00000000ed0ee028}: 'void java.lang.invoke.DirectMethodHandle$Holder.invokeStaticInit(java.lang.Object, java.lang.Object)'> (0x00000000ed0ee028) 
thrown [s\src\hotspot\share\interpreter\linkResolver.cpp, line 759]
Event: 3.289 Thread 0x0000016074764670 Exception <a 'java/lang/NoSuchMethodError'{0x00000000ecdaf080}: 'void java.lang.invoke.DelegatingMethodHandle$Holder.reinvoke_L(java.lang.Object, java.lang.Object, java.lang.Object, java.lang.Object, java.lang.Object, java.lang.Object, java.lang.Object, java.lang.Object, java.lang.Object, java.lang.Object)'> (0x00000000ecdaf080) 
thrown [s\src\hotspot\share\interpreter\linkResolver.cpp, line 759]
Event: 3.290 Thread 0x0000016074764670 Exception <a 'java/lang/NoSuchMethodError'{0x00000000ecdb74f0}: 'java.lang.Object java.lang.invoke.DirectMethodHandle$Holder.invokeSpecial(java.lang.Object, java.lang.Object, java.lang.Object, java.lang.Object, java.lang.Object, java.lang.Object, java.lang.Object, java.lang.Object, java.lang.Object, java.lang.Object)'> (0x00000000ecdb74f0) 
thrown [s\src\hotspot\share\interpreter\linkResolver.cpp, line 759]
Event: 3.291 Thread 0x0000016074764670 Exception <a 'java/lang/NoSuchMethodError'{0x00000000ecdbbdc0}: 'java.lang.Object java.lang.invoke.Invokers$Holder.invoker(java.lang.Object, java.lang.Object, java.lang.Object, java.lang.Object, java.lang.Object, java.lang.Object, java.lang.Object, java.lang.Object, java.lang.Object, java.lang.Object)'> (0x00000000ecdbbdc0) 
thrown [s\src\hotspot\share\interpreter\linkResolver.cpp, line 759]
Event: 3.292 Thread 0x0000016074764670 Exception <a 'java/lang/NoSuchMethodError'{0x00000000ecdc1948}: 'java.lang.Object java.lang.invoke.DirectMethodHandle$Holder.invokeSpecial(java.lang.Object, java.lang.Object, java.lang.Object, java.lang.Object, java.lang.Object, java.lang.Object, java.lang.Object, java.lang.Object, java.lang.Object, java.lang.Object, java.lang.Object)'> (0x00000000ecdc1948) 
thrown [s\src\hotspot\share\interpreter\linkResolver.cpp, line 759]
Event: 3.423 Thread 0x0000016074764670 Exception <a 'java/lang/NoSuchMethodError'{0x00000000ec74a898}: 'void java.lang.invoke.DirectMethodHandle$Holder.invokeStaticInit(java.lang.Object)'> (0x00000000ec74a898) 
thrown [s\src\hotspot\share\interpreter\linkResolver.cpp, line 759]
Event: 3.440 Thread 0x0000016074764670 Exception <a 'java/lang/NoSuchMethodError'{0x00000000ec7f7f70}: 'java.lang.Object java.lang.invoke.DirectMethodHandle$Holder.newInvokeSpecial(java.lang.Object, java.lang.Object, java.lang.Object, int)'> (0x00000000ec7f7f70) 
thrown [s\src\hotspot\share\interpreter\linkResolver.cpp, line 759]
Event: 3.441 Thread 0x0000016074764670 Exception <a 'java/lang/NoSuchMethodError'{0x00000000ec7fc8a0}: 'java.lang.Object java.lang.invoke.DirectMethodHandle$Holder.invokeSpecial(java.lang.Object, java.lang.Object, java.lang.Object, java.lang.Object, int)'> (0x00000000ec7fc8a0) 
thrown [s\src\hotspot\share\interpreter\linkResolver.cpp, line 759]
Event: 3.441 Thread 0x0000016074764670 Exception <a 'java/lang/NoSuchMethodError'{0x00000000ec6013f8}: 'java.lang.Object java.lang.invoke.Invokers$Holder.linkToTargetMethod(java.lang.Object, java.lang.Object, int, java.lang.Object)'> (0x00000000ec6013f8) 
thrown [s\src\hotspot\share\interpreter\linkResolver.cpp, line 759]
Event: 3.792 Thread 0x0000016074764670 Exception <a 'java/lang/NoSuchMethodError'{0x00000000eb730fe8}: 'int java.lang.invoke.DirectMethodHandle$Holder.invokeSpecialIFC(java.lang.Object, java.lang.Object, java.lang.Object, java.lang.Object)'> (0x00000000eb730fe8) 
thrown [s\src\hotspot\share\interpreter\linkResolver.cpp, line 759]
Event: 3.794 Thread 0x0000016074764670 Exception <a 'java/lang/NoSuchMethodError'{0x00000000eb73ffc0}: 'java.lang.Object java.lang.invoke.DirectMethodHandle$Holder.invokeInterface(java.lang.Object, java.lang.Object, java.lang.Object)'> (0x00000000eb73ffc0) 
thrown [s\src\hotspot\share\interpreter\linkResolver.cpp, line 759]
Event: 3.795 Thread 0x0000016074764670 Exception <a 'java/lang/IncompatibleClassChangeError'{0x00000000eb743bd8}: Found class java.lang.Object, but interface was expected> (0x00000000eb743bd8) 
thrown [s\src\hotspot\share\interpreter\linkResolver.cpp, line 826]
Event: 3.827 Thread 0x0000016074764670 Exception <a 'java/lang/NoSuchMethodError'{0x00000000eb61f9f0}: 'int java.lang.invoke.DirectMethodHandle$Holder.invokeStatic(java.lang.Object, java.lang.Object, java.lang.Object, java.lang.Object)'> (0x00000000eb61f9f0) 
thrown [s\src\hotspot\share\interpreter\linkResolver.cpp, line 759]
Event: 3.828 Thread 0x0000016074764670 Exception <a 'java/lang/NoSuchMethodError'{0x00000000eb623618}: 'java.lang.Object java.lang.invoke.Invokers$Holder.invokeExact_MT(java.lang.Object, java.lang.Object, java.lang.Object, java.lang.Object, java.lang.Object, java.lang.Object)'> (0x00000000eb623618) 
thrown [s\src\hotspot\share\interpreter\linkResolver.cpp, line 759]

VM Operations (20 events):
Event: 2.081 Executing VM operation: HandshakeAllThreads
Event: 2.081 Executing VM operation: HandshakeAllThreads done
Event: 2.186 Executing VM operation: HandshakeAllThreads
Event: 2.186 Executing VM operation: HandshakeAllThreads done
Event: 2.281 Executing VM operation: HandshakeAllThreads
Event: 2.281 Executing VM operation: HandshakeAllThreads done
Event: 2.376 Executing VM operation: HandshakeAllThreads
Event: 2.376 Executing VM operation: HandshakeAllThreads done
Event: 2.712 Executing VM operation: HandshakeAllThreads
Event: 2.713 Executing VM operation: HandshakeAllThreads done
Event: 2.713 Executing VM operation: Cleanup
Event: 2.713 Executing VM operation: Cleanup done
Event: 2.788 Executing VM operation: HandshakeAllThreads
Event: 2.788 Executing VM operation: HandshakeAllThreads done
Event: 3.525 Executing VM operation: HandshakeAllThreads
Event: 3.525 Executing VM operation: HandshakeAllThreads done
Event: 3.565 Executing VM operation: HandshakeAllThreads
Event: 3.565 Executing VM operation: HandshakeAllThreads done
Event: 3.565 Executing VM operation: HandshakeAllThreads
Event: 3.565 Executing VM operation: HandshakeAllThreads done

Events (20 events):
Event: 3.678 loading class java/security/KeyException
Event: 3.678 loading class java/security/KeyException done
Event: 3.678 loading class java/security/InvalidKeyException done
Event: 3.760 loading class sun/security/provider/MD5
Event: 3.760 loading class sun/security/provider/MD5 done
Event: 3.761 loading class sun/security/provider/SHA5$SHA512
Event: 3.761 loading class sun/security/provider/SHA5
Event: 3.761 loading class sun/security/provider/SHA5 done
Event: 3.761 loading class sun/security/provider/SHA5$SHA512 done
Event: 3.763 loading class sun/security/provider/ByteArrayAccess$LE
Event: 3.763 loading class sun/security/provider/ByteArrayAccess$LE done
Event: 3.779 Thread 0x00000160747655a0 Thread added: 0x00000160747655a0
Event: 3.786 loading class java/util/concurrent/Semaphore
Event: 3.787 loading class java/util/concurrent/Semaphore done
Event: 3.789 loading class java/nio/file/FileVisitOption
Event: 3.789 loading class java/nio/file/FileVisitOption done
Event: 3.795 loading class java/util/stream/ReduceOps$1
Event: 3.795 loading class java/util/stream/ReduceOps$1 done
Event: 3.796 loading class java/util/stream/ReduceOps$1ReducingSink
Event: 3.796 loading class java/util/stream/ReduceOps$1ReducingSink done


Dynamic libraries:
0x00007ff7864d0000 - 0x00007ff7864de000 	C:\Users\Hazem.Ewidat\.jdks\graalvm-ce-17\bin\java.exe
0x00007ffc11e70000 - 0x00007ffc12068000 	C:\Windows\SYSTEM32\ntdll.dll
0x00007ffc11d70000 - 0x00007ffc11e2f000 	C:\Windows\System32\KERNEL32.DLL
0x00007ffc0fad0000 - 0x00007ffc0fdc6000 	C:\Windows\System32\KERNELBASE.dll
0x00007ffc0fdd0000 - 0x00007ffc0fed0000 	C:\Windows\System32\ucrtbase.dll
0x00007ffc09b50000 - 0x00007ffc09b67000 	C:\Users\Hazem.Ewidat\.jdks\graalvm-ce-17\bin\jli.dll
0x00007ffc08cd0000 - 0x00007ffc08ceb000 	C:\Users\Hazem.Ewidat\.jdks\graalvm-ce-17\bin\VCRUNTIME140.dll
0x00007ffc0fed0000 - 0x00007ffc1006d000 	C:\Windows\System32\USER32.dll
0x00007ffc0f5a0000 - 0x00007ffc0f5c2000 	C:\Windows\System32\win32u.dll
0x00007ffbfa9f0000 - 0x00007ffbfac8a000 	C:\Windows\WinSxS\amd64_microsoft.windows.common-controls_6595b64144ccf1df_6.0.19041.1110_none_60b5254171f9507e\COMCTL32.dll
0x00007ffc103a0000 - 0x00007ffc103cc000 	C:\Windows\System32\GDI32.dll
0x00007ffc11580000 - 0x00007ffc1161e000 	C:\Windows\System32\msvcrt.dll
0x00007ffc0f5d0000 - 0x00007ffc0f6e5000 	C:\Windows\System32\gdi32full.dll
0x00007ffc0f840000 - 0x00007ffc0f8dd000 	C:\Windows\System32\msvcp_win.dll
0x00007ffc10a50000 - 0x00007ffc10a80000 	C:\Windows\System32\IMM32.DLL
0x00007ffc08b80000 - 0x00007ffc08b8c000 	C:\Users\Hazem.Ewidat\.jdks\graalvm-ce-17\bin\vcruntime140_1.dll
0x00007ffbe1840000 - 0x00007ffbe18ce000 	C:\Users\Hazem.Ewidat\.jdks\graalvm-ce-17\bin\msvcp140.dll
0x00007ffbcc550000 - 0x00007ffbcd11f000 	C:\Users\Hazem.Ewidat\.jdks\graalvm-ce-17\bin\server\jvm.dll
0x00007ffc10ff0000 - 0x00007ffc1109f000 	C:\Windows\System32\ADVAPI32.dll
0x00007ffc10e70000 - 0x00007ffc10f0c000 	C:\Windows\System32\sechost.dll
0x00007ffc101e0000 - 0x00007ffc10306000 	C:\Windows\System32\RPCRT4.dll
0x00007ffc08270000 - 0x00007ffc08279000 	C:\Windows\SYSTEM32\WSOCK32.dll
0x00007ffc0f3b0000 - 0x00007ffc0f3fb000 	C:\Windows\SYSTEM32\POWRPROF.dll
0x00007ffbfcb60000 - 0x00007ffbfcb87000 	C:\Windows\SYSTEM32\WINMM.dll
0x00007ffc10f20000 - 0x00007ffc10f8b000 	C:\Windows\System32\WS2_32.dll
0x00007ffc06420000 - 0x00007ffc0642a000 	C:\Windows\SYSTEM32\VERSION.dll
0x00007ffc0f390000 - 0x00007ffc0f3a2000 	C:\Windows\SYSTEM32\UMPDC.dll
0x00007ffc0de90000 - 0x00007ffc0dea2000 	C:\Windows\SYSTEM32\kernel.appcore.dll
0x00007ffc08630000 - 0x00007ffc0863a000 	C:\Users\Hazem.Ewidat\.jdks\graalvm-ce-17\bin\jimage.dll
0x00007ffc0d950000 - 0x00007ffc0db34000 	C:\Windows\SYSTEM32\DBGHELP.DLL
0x00007ffc066c0000 - 0x00007ffc066f4000 	C:\Windows\SYSTEM32\dbgcore.DLL
0x00007ffc0fa40000 - 0x00007ffc0fac2000 	C:\Windows\System32\bcryptPrimitives.dll
0x00007ffc08620000 - 0x00007ffc0862e000 	C:\Users\Hazem.Ewidat\.jdks\graalvm-ce-17\bin\instrument.dll
0x00007ffc072d0000 - 0x00007ffc072f5000 	C:\Users\Hazem.Ewidat\.jdks\graalvm-ce-17\bin\java.dll
0x00007ffbe1330000 - 0x00007ffbe1407000 	C:\Users\Hazem.Ewidat\.jdks\graalvm-ce-17\bin\jsvml.dll
0x00007ffc11620000 - 0x00007ffc11d64000 	C:\Windows\System32\SHELL32.dll
0x00007ffc0d080000 - 0x00007ffc0d813000 	C:\Windows\SYSTEM32\windows.storage.dll
0x00007ffc10b10000 - 0x00007ffc10e64000 	C:\Windows\System32\combase.dll
0x00007ffc0ede0000 - 0x00007ffc0ee0e000 	C:\Windows\SYSTEM32\Wldp.dll
0x00007ffc114d0000 - 0x00007ffc1157d000 	C:\Windows\System32\SHCORE.dll
0x00007ffc10580000 - 0x00007ffc105d5000 	C:\Windows\System32\shlwapi.dll
0x00007ffc0f480000 - 0x00007ffc0f4a5000 	C:\Windows\SYSTEM32\profapi.dll
0x00007ffc07390000 - 0x00007ffc073a8000 	C:\Users\Hazem.Ewidat\.jdks\graalvm-ce-17\bin\zip.dll
0x00007ffc072b0000 - 0x00007ffc072c9000 	C:\Users\Hazem.Ewidat\.jdks\graalvm-ce-17\bin\net.dll
0x00007ffc08130000 - 0x00007ffc0823a000 	C:\Windows\SYSTEM32\WINHTTP.dll
0x00007ffc0ebc0000 - 0x00007ffc0ec2a000 	C:\Windows\system32\mswsock.dll
0x00007ffc06300000 - 0x00007ffc06316000 	C:\Users\Hazem.Ewidat\.jdks\graalvm-ce-17\bin\nio.dll
0x00007ffb92ae0000 - 0x00007ffb94b42000 	C:\Users\Hazem.Ewidat\.jdks\graalvm-ce-17\bin\jvmcicompiler.dll
0x00007ffc0f440000 - 0x00007ffc0f46e000 	C:\Windows\SYSTEM32\USERENV.dll
0x00007ffc0ef30000 - 0x00007ffc0ef58000 	C:\Windows\SYSTEM32\ncrypt.dll
0x00007ffc0e8d0000 - 0x00007ffc0e90b000 	C:\Windows\SYSTEM32\IPHLPAPI.DLL
0x00007ffc0eef0000 - 0x00007ffc0ef2b000 	C:\Windows\SYSTEM32\NTASN1.dll
0x00007ffc08610000 - 0x00007ffc08620000 	C:\Users\Hazem.Ewidat\.jdks\graalvm-ce-17\bin\verify.dll
0x00007ffbed560000 - 0x00007ffbed587000 	C:\Users\Hazem.Ewidat\.gradle\native\68d5fa5c4cc2d200863cafc0d521ce42e7d3e7ee720ec0a83991735586a16f82\windows-amd64\native-platform.dll
0x00007ffbe0c70000 - 0x00007ffbe0db4000 	C:\Users\Hazem.Ewidat\.gradle\native\e376f236ea51e6404a007f0833ffe2c6e607c4080706a723a18a27aeea778392\windows-amd64\native-platform-file-events.dll
0x00007ffc084c0000 - 0x00007ffc084ca000 	C:\Users\Hazem.Ewidat\.jdks\graalvm-ce-17\bin\management.dll
0x00007ffc08420000 - 0x00007ffc0842b000 	C:\Users\Hazem.Ewidat\.jdks\graalvm-ce-17\bin\management_ext.dll
0x00007ffc110a0000 - 0x00007ffc110a8000 	C:\Windows\System32\PSAPI.DLL
0x00007ffc0ee20000 - 0x00007ffc0ee38000 	C:\Windows\SYSTEM32\CRYPTSP.dll
0x00007ffc0e4f0000 - 0x00007ffc0e524000 	C:\Windows\system32\rsaenh.dll
0x00007ffc0f7a0000 - 0x00007ffc0f7c7000 	C:\Windows\System32\bcrypt.dll
0x00007ffc0ed50000 - 0x00007ffc0ed5c000 	C:\Windows\SYSTEM32\CRYPTBASE.dll
0x00007ffc10b00000 - 0x00007ffc10b08000 	C:\Windows\System32\NSI.dll
0x00007ffc09b80000 - 0x00007ffc09b97000 	C:\Windows\SYSTEM32\dhcpcsvc6.DLL
0x00007ffc09a60000 - 0x00007ffc09a7d000 	C:\Windows\SYSTEM32\dhcpcsvc.DLL
0x00007ffc0e910000 - 0x00007ffc0e9da000 	C:\Windows\SYSTEM32\DNSAPI.dll
0x00007ffc08240000 - 0x00007ffc0824e000 	C:\Users\Hazem.Ewidat\.jdks\graalvm-ce-17\bin\sunmscapi.dll
0x00007ffc0f8e0000 - 0x00007ffc0fa3e000 	C:\Windows\System32\CRYPT32.dll
0x00007ffbd2180000 - 0x00007ffbd2187000 	C:\Windows\system32\wshunix.dll

dbghelp: loaded successfully - version: 4.0.5 - missing functions: none
symbol engine: initialized successfully - sym options: 0x614 - pdb path: .;C:\Users\Hazem.Ewidat\.jdks\graalvm-ce-17\bin;C:\Windows\SYSTEM32;C:\Windows\WinSxS\amd64_microsoft.windows.common-controls_6595b64144ccf1df_6.0.19041.1110_none_60b5254171f9507e;C:\Users\Hazem.Ewidat\.jdks\graalvm-ce-17\bin\server;C:\Users\Hazem.Ewidat\.gradle\native\68d5fa5c4cc2d200863cafc0d521ce42e7d3e7ee720ec0a83991735586a16f82\windows-amd64;C:\Users\Hazem.Ewidat\.gradle\native\e376f236ea51e6404a007f0833ffe2c6e607c4080706a723a18a27aeea778392\windows-amd64

VM Arguments:
jvm_args: -XX:ThreadPriorityPolicy=1 -XX:+UnlockExperimentalVMOptions -XX:+EnableJVMCIProduct -XX:JVMCIThreadsPerNativeLibraryRuntime=1 -XX:-UnlockExperimentalVMOptions --add-opens=java.base/java.util=ALL-UNNAMED --add-opens=java.base/java.lang=ALL-UNNAMED --add-opens=java.base/java.lang.invoke=ALL-UNNAMED --add-opens=java.prefs/java.util.prefs=ALL-UNNAMED --add-opens=java.base/java.nio.charset=ALL-UNNAMED --add-opens=java.base/java.net=ALL-UNNAMED --add-opens=java.base/java.util.concurrent.atomic=ALL-UNNAMED -XX:MaxMetaspaceSize=384m -XX:+HeapDumpOnOutOfMemoryError -Xms256m -Xmx512m -Dfile.encoding=windows-1252 -Duser.country=US -Duser.language=en -Duser.variant -javaagent:C:\Users\Hazem.Ewidat\.gradle\wrapper\dists\gradle-8.2-bin\bbg7u40eoinfdyxsxr3z4i7ta\gradle-8.2\lib\agents\gradle-instrumentation-agent-8.2.jar 
java_command: org.gradle.launcher.daemon.bootstrap.GradleDaemon 8.2
java_class_path (initial): C:\Users\Hazem.Ewidat\.gradle\wrapper\dists\gradle-8.2-bin\bbg7u40eoinfdyxsxr3z4i7ta\gradle-8.2\lib\gradle-launcher-8.2.jar
Launcher Type: SUN_STANDARD

[Global flags]
     intx CICompilerCount                          = 4                                         {product} {ergonomic}
   size_t CompressedClassSpaceSize                 = 335544320                                 {product} {ergonomic}
     uint ConcGCThreads                            = 2                                         {product} {ergonomic}
     bool EnableJVMCIProduct                       = true                                {JVMCI product} {jimage}
     uint G1ConcRefinementThreads                  = 8                                         {product} {ergonomic}
   size_t G1HeapRegionSize                         = 1048576                                   {product} {ergonomic}
    uintx GCDrainStackTargetSize                   = 64                                        {product} {ergonomic}
     bool HeapDumpOnOutOfMemoryError               = true                                   {manageable} {command line}
   size_t InitialHeapSize                          = 268435456                                 {product} {command line}
     uint JVMCIThreadsPerNativeLibraryRuntime      = 1                                   {JVMCI product} {jimage}
   size_t MarkStackSize                            = 4194304                                   {product} {ergonomic}
   size_t MaxHeapSize                              = 536870912                                 {product} {command line}
   size_t MaxMetaspaceSize                         = 402653184                                 {product} {command line}
   size_t MaxNewSize                               = 321912832                                 {product} {ergonomic}
   size_t MinHeapDeltaBytes                        = 1048576                                   {product} {ergonomic}
   size_t MinHeapSize                              = 268435456                                 {product} {command line}
    uintx NonNMethodCodeHeapSize                   = 6979620                                {pd product} {ergonomic}
    uintx NonProfiledCodeHeapSize                  = 122339310                              {pd product} {ergonomic}
    uintx ProfiledCodeHeapSize                     = 122339310                              {pd product} {ergonomic}
    uintx ReservedCodeCacheSize                    = 251658240                              {pd product} {ergonomic}
     bool SegmentedCodeCache                       = true                                      {product} {ergonomic}
   size_t SoftMaxHeapSize                          = 536870912                              {manageable} {ergonomic}
     intx ThreadPriorityPolicy                     = 1                                         {product} {jimage}
     bool UseCompressedClassPointers               = true                           {product lp64_product} {ergonomic}
     bool UseCompressedOops                        = true                           {product lp64_product} {ergonomic}
     bool UseG1GC                                  = true                                      {product} {ergonomic}
     bool UseLargePagesIndividualAllocation        = false                                  {pd product} {ergonomic}

Logging:
Log output configuration:
 #0: stdout all=warning uptime,level,tags
 #1: stderr all=off uptime,level,tags

Environment Variables:
PATH=C:\Program Files\Common Files\Oracle\Java\javapath;C:\Windows\system32;C:\Windows;C:\Windows\System32\Wbem;C:\Windows\System32\WindowsPowerShell\v1.0\;C:\Windows\System32\OpenSSH\;C:\Program Files\Git\cmd;C:\Program Files\MongoDB\mongosh-1.10.3-win32-x64\bin;;C:\Program Files\Docker\Docker\resources\bin;C:\Program Files\MySQL\MySQL Shell 8.0\bin\;C:\Users\Hazem.Ewidat\AppData\Local\Microsoft\WindowsApps;;C:\Program Files\JetBrains\IntelliJ IDEA 2023.2\bin;
USERNAME=Hazem.Ewidat
OS=Windows_NT
PROCESSOR_IDENTIFIER=Intel64 Family 6 Model 142 Stepping 10, GenuineIntel
TMP=C:\Users\HAZEM~1.EWI\AppData\Local\Temp
TEMP=C:\Users\HAZEM~1.EWI\AppData\Local\Temp



---------------  S Y S T E M  ---------------

OS:
 Windows 10 , 64 bit Build 19041 (10.0.19041.3155)
OS uptime: 17 days 0:14 hours
Hyper-V role detected

CPU: total 8 (initial active 8) (4 cores per cpu, 2 threads per core) family 6 model 142 stepping 10 microcode 0xf0, cx8, cmov, fxsr, ht, mmx, 3dnowpref, sse, sse2, sse3, ssse3, sse4.1, sse4.2, popcnt, lzcnt, tsc, tscinvbit, avx, avx2, aes, erms, clmul, bmi1, bmi2, rtm, adx, fma, vzeroupper, clflush, clflushopt, hv
Processor Information for all 8 processors :
  Max Mhz: 2101, Current Mhz: 2101, Mhz Limit: 2101

Memory: 4k page, system-wide physical 16212M (415M free)
TotalPageFile size 50929M (AvailPageFile size 2M)
current process WorkingSet (physical memory assigned to process): 213M, peak: 213M
current process commit charge ("private bytes"): 431M, peak: 431M

vm_info: OpenJDK 64-Bit Server VM (17.0.8+7-jvmci-22.3-b22) for windows-amd64 JRE (17.0.8+7-jvmci-22.3-b22), built on Jul 19 2023 07:48:01 by "" with MS VC++ 17.1 (VS2022)

END.
